[2025-03-11 20:49:50] [INFO] 开始加载可选课程列表
[2025-03-11 20:49:50] [INFO] 执行查询：SELECT c.*, (SELECT COUNT(*) FROM course_selection cs WHERE cs.course_id = c.course_id AND cs.student_id = ?) as selected FROM courses c, 参数：studentId=S001
[2025-03-11 20:49:50] [INFO] 成功加载 2 门课程
[2025-03-11 20:50:02] [INFO] 开始加载可选课程列表
[2025-03-11 20:50:02] [INFO] 执行查询：SELECT c.*, (SELECT COUNT(*) FROM course_selection cs WHERE cs.course_id = c.course_id AND cs.student_id = ?) as selected FROM courses c, 参数：studentId=S001
[2025-03-11 20:50:02] [INFO] 成功加载 2 门课程
[2025-03-11 20:50:02] [INFO] 开始加载可选课程列表
[2025-03-11 20:50:02] [INFO] 执行查询：SELECT c.*, (SELECT COUNT(*) FROM course_selection cs WHERE cs.course_id = c.course_id AND cs.student_id = ?) as selected FROM courses c, 参数：studentId=S001
[2025-03-11 20:50:02] [INFO] 成功加载 2 门课程
[2025-03-11 20:50:02] [INFO] 开始加载可选课程列表
[2025-03-11 20:50:02] [INFO] 执行查询：SELECT c.*, (SELECT COUNT(*) FROM course_selection cs WHERE cs.course_id = c.course_id AND cs.student_id = ?) as selected FROM courses c, 参数：studentId=S001
[2025-03-11 20:50:02] [INFO] 成功加载 2 门课程
[2025-03-11 20:50:02] [INFO] 开始加载可选课程列表
[2025-03-11 20:50:02] [INFO] 执行查询：SELECT c.*, (SELECT COUNT(*) FROM course_selection cs WHERE cs.course_id = c.course_id AND cs.student_id = ?) as selected FROM courses c, 参数：studentId=S001
[2025-03-11 20:50:02] [INFO] 成功加载 2 门课程
[2025-03-11 20:50:02] [INFO] 开始加载可选课程列表
[2025-03-11 20:50:02] [INFO] 执行查询：SELECT c.*, (SELECT COUNT(*) FROM course_selection cs WHERE cs.course_id = c.course_id AND cs.student_id = ?) as selected FROM courses c, 参数：studentId=S001
[2025-03-11 20:50:02] [INFO] 成功加载 2 门课程
[2025-03-11 20:50:13] [INFO] 开始加载可选课程列表
[2025-03-11 20:50:13] [INFO] 执行查询：SELECT c.*, (SELECT COUNT(*) FROM course_selection cs WHERE cs.course_id = c.course_id AND cs.student_id = ?) as selected FROM courses c, 参数：studentId=S001
[2025-03-11 20:50:13] [INFO] 成功加载 2 门课程
[2025-03-11 20:50:13] [INFO] 开始加载可选课程列表
[2025-03-11 20:50:13] [INFO] 执行查询：SELECT c.*, (SELECT COUNT(*) FROM course_selection cs WHERE cs.course_id = c.course_id AND cs.student_id = ?) as selected FROM courses c, 参数：studentId=S001
[2025-03-11 20:50:13] [INFO] 成功加载 2 门课程
[2025-03-11 20:50:13] [INFO] 开始加载可选课程列表
[2025-03-11 20:50:13] [INFO] 执行查询：SELECT c.*, (SELECT COUNT(*) FROM course_selection cs WHERE cs.course_id = c.course_id AND cs.student_id = ?) as selected FROM courses c, 参数：studentId=S001
[2025-03-11 20:50:13] [INFO] 成功加载 2 门课程
[2025-03-11 20:50:13] [INFO] 开始加载可选课程列表
[2025-03-11 20:50:13] [INFO] 执行查询：SELECT c.*, (SELECT COUNT(*) FROM course_selection cs WHERE cs.course_id = c.course_id AND cs.student_id = ?) as selected FROM courses c, 参数：studentId=S001
[2025-03-11 20:50:13] [INFO] 成功加载 2 门课程
[2025-03-11 20:50:13] [INFO] 开始加载可选课程列表
[2025-03-11 20:50:13] [INFO] 执行查询：SELECT c.*, (SELECT COUNT(*) FROM course_selection cs WHERE cs.course_id = c.course_id AND cs.student_id = ?) as selected FROM courses c, 参数：studentId=S001
[2025-03-11 20:50:13] [INFO] 成功加载 2 门课程
[2025-03-11 20:50:14] [INFO] 开始加载可选课程列表
[2025-03-11 20:50:14] [INFO] 执行查询：SELECT c.*, (SELECT COUNT(*) FROM course_selection cs WHERE cs.course_id = c.course_id AND cs.student_id = ?) as selected FROM courses c, 参数：studentId=S001
[2025-03-11 20:50:14] [INFO] 成功加载 2 门课程
[2025-03-11 20:50:14] [INFO] 开始加载可选课程列表
[2025-03-11 20:50:14] [INFO] 执行查询：SELECT c.*, (SELECT COUNT(*) FROM course_selection cs WHERE cs.course_id = c.course_id AND cs.student_id = ?) as selected FROM courses c, 参数：studentId=S001
[2025-03-11 20:50:14] [INFO] 成功加载 2 门课程
[2025-03-11 20:50:14] [INFO] 开始加载可选课程列表
[2025-03-11 20:50:14] [INFO] 执行查询：SELECT c.*, (SELECT COUNT(*) FROM course_selection cs WHERE cs.course_id = c.course_id AND cs.student_id = ?) as selected FROM courses c, 参数：studentId=S001
[2025-03-11 20:50:14] [INFO] 成功加载 2 门课程
[2025-03-11 20:50:14] [INFO] 开始加载可选课程列表
[2025-03-11 20:50:14] [INFO] 执行查询：SELECT c.*, (SELECT COUNT(*) FROM course_selection cs WHERE cs.course_id = c.course_id AND cs.student_id = ?) as selected FROM courses c, 参数：studentId=S001
[2025-03-11 20:50:14] [INFO] 成功加载 2 门课程
[2025-03-11 20:50:14] [INFO] 开始加载可选课程列表
[2025-03-11 20:50:15] [INFO] 执行查询：SELECT c.*, (SELECT COUNT(*) FROM course_selection cs WHERE cs.course_id = c.course_id AND cs.student_id = ?) as selected FROM courses c, 参数：studentId=S001
[2025-03-11 20:50:15] [INFO] 成功加载 2 门课程
[2025-03-11 20:50:15] [INFO] 开始加载可选课程列表
[2025-03-11 20:50:15] [INFO] 执行查询：SELECT c.*, (SELECT COUNT(*) FROM course_selection cs WHERE cs.course_id = c.course_id AND cs.student_id = ?) as selected FROM courses c, 参数：studentId=S001
[2025-03-11 20:50:15] [INFO] 成功加载 2 门课程
[2025-03-11 20:50:15] [INFO] 开始加载可选课程列表
[2025-03-11 20:50:15] [INFO] 执行查询：SELECT c.*, (SELECT COUNT(*) FROM course_selection cs WHERE cs.course_id = c.course_id AND cs.student_id = ?) as selected FROM courses c, 参数：studentId=S001
[2025-03-11 20:50:15] [INFO] 成功加载 2 门课程
[2025-03-11 20:51:52] [INFO] 开始加载可选课程列表
[2025-03-11 20:51:52] [INFO] 执行查询：SELECT c.*, (SELECT COUNT(*) FROM course_selection cs WHERE cs.course_id = c.course_id AND cs.student_id = ?) as selected FROM courses c, 参数：studentId=S001
[2025-03-11 20:51:52] [INFO] 成功加载 2 门课程
[2025-03-11 20:51:52] [INFO] 获取单元格编辑器组件：row=0, value=选课
[2025-03-11 20:51:52] [INFO] 按钮被点击：选课
[2025-03-11 20:51:52] [INFO] 触发按钮点击事件：row=0
[2025-03-11 20:51:52] [INFO] 选课按钮被点击，行号：0
[2025-03-11 20:51:52] [INFO] 准备选择课程：C001
[2025-03-11 20:51:52] [INFO] 学生 S001 尝试选择课程 C001
[2025-03-11 20:51:52] [INFO] 执行选课存储过程，参数：studentId=S001, courseId=C001
[2025-03-11 20:51:52] [INFO] 选课存储过程返回结果：1
[2025-03-11 20:51:52] [INFO] 选课成功
[2025-03-11 20:51:54] [INFO] 开始加载可选课程列表
[2025-03-11 20:51:54] [INFO] 执行查询：SELECT c.*, (SELECT COUNT(*) FROM course_selection cs WHERE cs.course_id = c.course_id AND cs.student_id = ?) as selected FROM courses c, 参数：studentId=S001
[2025-03-11 20:51:54] [INFO] 成功加载 2 门课程
[2025-03-11 20:51:54] [INFO] 开始加载可选课程列表
[2025-03-11 20:51:54] [INFO] 执行查询：SELECT c.*, (SELECT COUNT(*) FROM course_selection cs WHERE cs.course_id = c.course_id AND cs.student_id = ?) as selected FROM courses c, 参数：studentId=S001
[2025-03-11 20:51:54] [INFO] 成功加载 2 门课程
[2025-03-11 20:51:58] [INFO] 获取单元格编辑器组件：row=1, value=选课
[2025-03-11 20:51:59] [INFO] 按钮被点击：选课
[2025-03-11 20:51:59] [INFO] 触发按钮点击事件：row=1
[2025-03-11 20:51:59] [INFO] 选课按钮被点击，行号：1
[2025-03-11 20:51:59] [INFO] 准备选择课程：C002
[2025-03-11 20:51:59] [INFO] 学生 S001 尝试选择课程 C002
[2025-03-11 20:51:59] [INFO] 执行选课存储过程，参数：studentId=S001, courseId=C002
[2025-03-11 20:51:59] [INFO] 选课存储过程返回结果：1
[2025-03-11 20:51:59] [INFO] 选课成功
[2025-03-11 20:52:00] [INFO] 开始加载可选课程列表
[2025-03-11 20:52:00] [INFO] 执行查询：SELECT c.*, (SELECT COUNT(*) FROM course_selection cs WHERE cs.course_id = c.course_id AND cs.student_id = ?) as selected FROM courses c, 参数：studentId=S001
[2025-03-11 20:52:00] [INFO] 成功加载 2 门课程
[2025-03-11 20:52:00] [INFO] 开始加载可选课程列表
[2025-03-11 20:52:00] [INFO] 执行查询：SELECT c.*, (SELECT COUNT(*) FROM course_selection cs WHERE cs.course_id = c.course_id AND cs.student_id = ?) as selected FROM courses c, 参数：studentId=S001
[2025-03-11 20:52:00] [INFO] 成功加载 2 门课程
[2025-03-11 21:13:40] [INFO] 开始加载可选课程列表
[2025-03-11 21:13:41] [INFO] 执行查询：SELECT c.*, (SELECT COUNT(*) FROM course_selection cs WHERE cs.course_id = c.course_id AND cs.student_id = ?) as selected FROM courses c, 参数：studentId=S001
[2025-03-11 21:13:41] [INFO] 成功加载 12 门课程
[2025-03-11 21:50:48] [INFO] 开始加载可选课程列表
[2025-03-11 21:50:48] [INFO] 执行查询：SELECT c.*, (SELECT COUNT(*) FROM course_selection cs WHERE cs.course_id = c.course_id AND cs.student_id = ?) as selected FROM courses c, 参数：studentId=S001
[2025-03-11 21:50:48] [INFO] 成功加载 12 门课程
[2025-03-11 21:50:50] [INFO] 获取单元格编辑器组件：row=1, value=已选
[2025-03-11 21:50:50] [INFO] 按钮被点击：选课
[2025-03-11 21:50:50] [INFO] 触发按钮点击事件：row=1
[2025-03-11 21:50:50] [INFO] 选课按钮被点击，行号：1
[2025-03-11 21:50:50] [INFO] 准备选择课程：C002
[2025-03-11 21:50:50] [INFO] 学生 S001 尝试选择课程 C002
[2025-03-11 21:50:50] [INFO] 执行选课存储过程，参数：studentId=S001, courseId=C002
[2025-03-11 21:50:50] [INFO] 选课存储过程返回结果：-2
[2025-03-11 21:50:50] [INFO] 选课失败：已经选过这门课
[2025-03-11 21:50:51] [INFO] 开始加载可选课程列表
[2025-03-11 21:50:51] [INFO] 执行查询：SELECT c.*, (SELECT COUNT(*) FROM course_selection cs WHERE cs.course_id = c.course_id AND cs.student_id = ?) as selected FROM courses c, 参数：studentId=S001
[2025-03-11 21:50:51] [INFO] 成功加载 12 门课程
[2025-03-11 21:50:52] [INFO] 获取单元格编辑器组件：row=4, value=选课
[2025-03-11 21:50:52] [INFO] 按钮被点击：选课
[2025-03-11 21:50:52] [INFO] 触发按钮点击事件：row=4
[2025-03-11 21:50:52] [INFO] 选课按钮被点击，行号：4
[2025-03-11 21:50:52] [INFO] 准备选择课程：C005
[2025-03-11 21:50:52] [INFO] 学生 S001 尝试选择课程 C005
[2025-03-11 21:50:52] [INFO] 执行选课存储过程，参数：studentId=S001, courseId=C005
[2025-03-11 21:50:52] [INFO] 选课存储过程返回结果：1
[2025-03-11 21:50:52] [INFO] 选课成功
[2025-03-11 21:50:53] [INFO] 开始加载可选课程列表
[2025-03-11 21:50:53] [INFO] 执行查询：SELECT c.*, (SELECT COUNT(*) FROM course_selection cs WHERE cs.course_id = c.course_id AND cs.student_id = ?) as selected FROM courses c, 参数：studentId=S001
[2025-03-11 21:50:53] [INFO] 成功加载 12 门课程
[2025-03-11 21:50:53] [INFO] 开始加载可选课程列表
[2025-03-11 21:50:53] [INFO] 执行查询：SELECT c.*, (SELECT COUNT(*) FROM course_selection cs WHERE cs.course_id = c.course_id AND cs.student_id = ?) as selected FROM courses c, 参数：studentId=S001
[2025-03-11 21:50:53] [INFO] 成功加载 12 门课程
[2025-03-11 21:50:54] [INFO] 获取单元格编辑器组件：row=3, value=选课
[2025-03-11 21:50:54] [INFO] 按钮被点击：选课
[2025-03-11 21:50:54] [INFO] 触发按钮点击事件：row=3
[2025-03-11 21:50:54] [INFO] 选课按钮被点击，行号：3
[2025-03-11 21:50:54] [INFO] 准备选择课程：C004
[2025-03-11 21:50:54] [INFO] 学生 S001 尝试选择课程 C004
[2025-03-11 21:50:54] [INFO] 执行选课存储过程，参数：studentId=S001, courseId=C004
[2025-03-11 21:50:54] [INFO] 选课存储过程返回结果：1
[2025-03-11 21:50:54] [INFO] 选课成功
[2025-03-11 21:50:55] [INFO] 开始加载可选课程列表
[2025-03-11 21:50:55] [INFO] 执行查询：SELECT c.*, (SELECT COUNT(*) FROM course_selection cs WHERE cs.course_id = c.course_id AND cs.student_id = ?) as selected FROM courses c, 参数：studentId=S001
[2025-03-11 21:50:55] [INFO] 成功加载 12 门课程
[2025-03-11 21:50:55] [INFO] 开始加载可选课程列表
[2025-03-11 21:50:55] [INFO] 执行查询：SELECT c.*, (SELECT COUNT(*) FROM course_selection cs WHERE cs.course_id = c.course_id AND cs.student_id = ?) as selected FROM courses c, 参数：studentId=S001
[2025-03-11 21:50:55] [INFO] 成功加载 12 门课程
[2025-03-11 21:52:08] [INFO] 开始加载可选课程列表
[2025-03-11 21:52:08] [INFO] 执行查询：SELECT c.*, (SELECT COUNT(*) FROM course_selection cs WHERE cs.course_id = c.course_id AND cs.student_id = ?) as selected FROM courses c, 参数：studentId=S001
[2025-03-11 21:52:08] [INFO] 成功加载 12 门课程
[2025-03-11 21:52:15] [INFO] 获取单元格编辑器组件：row=5, value=选课
[2025-03-11 21:52:15] [INFO] 按钮被点击：选课
[2025-03-11 21:52:15] [INFO] 触发按钮点击事件：row=5
[2025-03-11 21:52:15] [INFO] 选课按钮被点击，行号：5
[2025-03-11 21:52:15] [INFO] 准备选择课程：C006
[2025-03-11 21:52:15] [INFO] 学生 S001 尝试选择课程 C006
[2025-03-11 21:52:15] [INFO] 执行选课存储过程，参数：studentId=S001, courseId=C006
[2025-03-11 21:52:15] [INFO] 选课存储过程返回结果：1
[2025-03-11 21:52:15] [INFO] 选课成功
[2025-03-11 21:52:16] [INFO] 开始加载可选课程列表
[2025-03-11 21:52:16] [INFO] 执行查询：SELECT c.*, (SELECT COUNT(*) FROM course_selection cs WHERE cs.course_id = c.course_id AND cs.student_id = ?) as selected FROM courses c, 参数：studentId=S001
[2025-03-11 21:52:16] [INFO] 成功加载 12 门课程
[2025-03-11 21:52:16] [INFO] 开始加载可选课程列表
[2025-03-11 21:52:16] [INFO] 执行查询：SELECT c.*, (SELECT COUNT(*) FROM course_selection cs WHERE cs.course_id = c.course_id AND cs.student_id = ?) as selected FROM courses c, 参数：studentId=S001
[2025-03-11 21:52:16] [INFO] 成功加载 12 门课程
[2025-03-11 21:53:16] [INFO] 开始加载可选课程列表
[2025-03-11 21:53:16] [INFO] 执行查询：SELECT c.*, (SELECT COUNT(*) FROM course_selection cs WHERE cs.course_id = c.course_id AND cs.student_id = ?) as selected FROM courses c, 参数：studentId=S001
[2025-03-11 21:53:16] [INFO] 成功加载 12 门课程
[2025-03-11 21:53:18] [INFO] 获取单元格编辑器组件：row=0, value=退课
[2025-03-11 21:53:18] [INFO] 按钮被点击：退课，当前行：0
[2025-03-11 21:53:18] [INFO] 触发按钮点击事件：row=0
[2025-03-11 21:53:18] [INFO] 学生 S001 尝试退课 C001
[2025-03-11 21:53:18] [INFO] 执行退课存储过程，参数：studentId=S001, courseId=C001
[2025-03-11 21:53:18] [INFO] 退课存储过程返回结果：1
[2025-03-11 21:53:18] [INFO] 退课成功
[2025-03-11 21:53:20] [INFO] 开始加载可选课程列表
[2025-03-11 21:53:20] [INFO] 执行查询：SELECT c.*, (SELECT COUNT(*) FROM course_selection cs WHERE cs.course_id = c.course_id AND cs.student_id = ?) as selected FROM courses c, 参数：studentId=S001
[2025-03-11 21:53:20] [INFO] 成功加载 12 门课程
[2025-03-12 10:39:31] [INFO] 开始加载可选课程列表
[2025-03-12 10:39:31] [INFO] 执行查询：SELECT c.*, (SELECT COUNT(*) FROM course_selection cs WHERE cs.course_id = c.course_id AND cs.student_id = ?) as selected FROM courses c, 参数：studentId=S001
[2025-03-12 10:39:31] [INFO] 成功加载 12 门课程
[2025-03-12 10:39:33] [INFO] 获取单元格编辑器组件：row=3, value=选课
[2025-03-12 10:39:33] [INFO] 按钮被点击：选课，当前行：3
[2025-03-12 10:39:33] [INFO] 触发按钮点击事件：row=3
[2025-03-12 10:39:33] [INFO] 选课按钮被点击，行号：3
[2025-03-12 10:39:33] [INFO] 准备选择课程：C004
[2025-03-12 10:39:33] [INFO] 学生 S001 尝试选择课程 C004
[2025-03-12 10:39:33] [INFO] 执行选课存储过程，参数：studentId=S001, courseId=C004
[2025-03-12 10:39:33] [INFO] 选课存储过程返回结果：1
[2025-03-12 10:39:33] [INFO] 选课成功
[2025-03-12 10:39:34] [INFO] 开始加载可选课程列表
[2025-03-12 10:39:34] [INFO] 执行查询：SELECT c.*, (SELECT COUNT(*) FROM course_selection cs WHERE cs.course_id = c.course_id AND cs.student_id = ?) as selected FROM courses c, 参数：studentId=S001
[2025-03-12 10:39:34] [INFO] 成功加载 12 门课程
[2025-03-12 10:39:34] [INFO] 开始加载可选课程列表
[2025-03-12 10:39:34] [INFO] 执行查询：SELECT c.*, (SELECT COUNT(*) FROM course_selection cs WHERE cs.course_id = c.course_id AND cs.student_id = ?) as selected FROM courses c, 参数：studentId=S001
[2025-03-12 10:39:34] [INFO] 成功加载 12 门课程
[2025-03-12 10:39:36] [INFO] 获取单元格编辑器组件：row=2, value=退课
[2025-03-12 10:39:36] [INFO] 按钮被点击：退课，当前行：2
[2025-03-12 10:39:36] [INFO] 触发按钮点击事件：row=2
[2025-03-12 10:39:36] [INFO] 学生 S001 尝试退课 C003
[2025-03-12 10:39:36] [INFO] 执行退课存储过程，参数：studentId=S001, courseId=C003
[2025-03-12 10:39:36] [INFO] 退课存储过程返回结果：1
[2025-03-12 10:39:36] [INFO] 退课成功
[2025-03-12 10:39:37] [INFO] 开始加载可选课程列表
[2025-03-12 10:39:37] [INFO] 执行查询：SELECT c.*, (SELECT COUNT(*) FROM course_selection cs WHERE cs.course_id = c.course_id AND cs.student_id = ?) as selected FROM courses c, 参数：studentId=S001
[2025-03-12 10:39:37] [INFO] 成功加载 12 门课程
[2025-03-12 11:01:07] [INFO] 开始加载可选课程列表
[2025-03-12 11:01:07] [INFO] 执行查询：SELECT c.*, (SELECT COUNT(*) FROM course_selection cs WHERE cs.course_id = c.course_id AND cs.student_id = ?) as selected FROM courses c, 参数：studentId=S001
[2025-03-12 11:01:07] [INFO] 成功加载 12 门课程
[2025-03-12 11:01:07] [INFO] 执行查询已选课程：SELECT c.* FROM courses c JOIN course_selection cs ON c.course_id = cs.course_id WHERE cs.student_id = ?, 参数：studentId=S001
[2025-03-12 11:01:07] [INFO] 成功加载已选课程数据
[2025-03-12 11:01:09] [INFO] 获取单元格编辑器组件：row=1, value=退课
[2025-03-12 11:01:10] [INFO] 按钮被点击：退课，当前行：1
[2025-03-12 11:01:10] [INFO] 触发按钮点击事件：row=1
[2025-03-12 11:01:10] [INFO] 学生 S001 尝试退课 C002
[2025-03-12 11:01:10] [INFO] 执行退课存储过程，参数：studentId=S001, courseId=C002
[2025-03-12 11:01:10] [INFO] 退课存储过程返回结果：1
[2025-03-12 11:01:10] [INFO] 退课成功
[2025-03-12 11:01:10] [INFO] 开始加载可选课程列表
[2025-03-12 11:01:10] [INFO] 执行查询：SELECT c.*, (SELECT COUNT(*) FROM course_selection cs WHERE cs.course_id = c.course_id AND cs.student_id = ?) as selected FROM courses c, 参数：studentId=S001
[2025-03-12 11:01:10] [INFO] 成功加载 12 门课程
[2025-03-12 11:01:10] [INFO] 执行查询已选课程：SELECT c.* FROM courses c JOIN course_selection cs ON c.course_id = cs.course_id WHERE cs.student_id = ?, 参数：studentId=S001
[2025-03-12 11:01:10] [INFO] 成功加载已选课程数据
[2025-03-12 11:01:11] [INFO] 执行查询已选课程：SELECT c.* FROM courses c JOIN course_selection cs ON c.course_id = cs.course_id WHERE cs.student_id = ?, 参数：studentId=S001
[2025-03-12 11:01:11] [INFO] 成功加载已选课程数据
[2025-03-12 11:01:19] [INFO] 获取单元格编辑器组件：row=7, value=选课
[2025-03-12 11:01:19] [INFO] 按钮被点击：选课，当前行：7
[2025-03-12 11:01:19] [INFO] 触发按钮点击事件：row=7
[2025-03-12 11:01:19] [INFO] 选课按钮被点击，行号：7
[2025-03-12 11:01:19] [INFO] 准备选择课程：C008
[2025-03-12 11:01:19] [INFO] 学生 S001 尝试选择课程 C008
[2025-03-12 11:01:19] [INFO] 执行选课存储过程，参数：studentId=S001, courseId=C008
[2025-03-12 11:01:19] [INFO] 选课存储过程返回结果：1
[2025-03-12 11:01:19] [INFO] 选课成功
[2025-03-12 11:01:20] [INFO] 开始加载可选课程列表
[2025-03-12 11:01:20] [INFO] 执行查询：SELECT c.*, (SELECT COUNT(*) FROM course_selection cs WHERE cs.course_id = c.course_id AND cs.student_id = ?) as selected FROM courses c, 参数：studentId=S001
[2025-03-12 11:01:20] [INFO] 成功加载 12 门课程
[2025-03-12 11:01:20] [INFO] 执行查询已选课程：SELECT c.* FROM courses c JOIN course_selection cs ON c.course_id = cs.course_id WHERE cs.student_id = ?, 参数：studentId=S001
[2025-03-12 11:01:20] [INFO] 成功加载已选课程数据
[2025-03-12 11:01:20] [INFO] 开始加载可选课程列表
[2025-03-12 11:01:20] [INFO] 执行查询：SELECT c.*, (SELECT COUNT(*) FROM course_selection cs WHERE cs.course_id = c.course_id AND cs.student_id = ?) as selected FROM courses c, 参数：studentId=S001
[2025-03-12 11:01:20] [INFO] 成功加载 12 门课程
[2025-03-12 11:01:22] [INFO] 获取单元格编辑器组件：row=4, value=选课
[2025-03-12 11:01:23] [INFO] 按钮被点击：选课，当前行：4
[2025-03-12 11:01:23] [INFO] 触发按钮点击事件：row=4
[2025-03-12 11:01:23] [INFO] 选课按钮被点击，行号：4
[2025-03-12 11:01:23] [INFO] 准备选择课程：C005
[2025-03-12 11:01:23] [INFO] 学生 S001 尝试选择课程 C005
[2025-03-12 11:01:23] [INFO] 执行选课存储过程，参数：studentId=S001, courseId=C005
[2025-03-12 11:01:23] [INFO] 选课存储过程返回结果：1
[2025-03-12 11:01:23] [INFO] 选课成功
[2025-03-12 11:01:23] [INFO] 开始加载可选课程列表
[2025-03-12 11:01:23] [INFO] 执行查询：SELECT c.*, (SELECT COUNT(*) FROM course_selection cs WHERE cs.course_id = c.course_id AND cs.student_id = ?) as selected FROM courses c, 参数：studentId=S001
[2025-03-12 11:01:23] [INFO] 成功加载 12 门课程
[2025-03-12 11:01:23] [INFO] 执行查询已选课程：SELECT c.* FROM courses c JOIN course_selection cs ON c.course_id = cs.course_id WHERE cs.student_id = ?, 参数：studentId=S001
[2025-03-12 11:01:23] [INFO] 成功加载已选课程数据
[2025-03-12 11:01:23] [INFO] 开始加载可选课程列表
[2025-03-12 11:01:23] [INFO] 执行查询：SELECT c.*, (SELECT COUNT(*) FROM course_selection cs WHERE cs.course_id = c.course_id AND cs.student_id = ?) as selected FROM courses c, 参数：studentId=S001
[2025-03-12 11:01:23] [INFO] 成功加载 12 门课程
[2025-03-12 11:01:25] [INFO] 获取单元格编辑器组件：row=5, value=选课
[2025-03-12 11:01:25] [INFO] 按钮被点击：选课，当前行：5
[2025-03-12 11:01:25] [INFO] 触发按钮点击事件：row=5
[2025-03-12 11:01:25] [INFO] 选课按钮被点击，行号：5
[2025-03-12 11:01:25] [INFO] 准备选择课程：C006
[2025-03-12 11:01:25] [INFO] 学生 S001 尝试选择课程 C006
[2025-03-12 11:01:25] [INFO] 执行选课存储过程，参数：studentId=S001, courseId=C006
[2025-03-12 11:01:25] [INFO] 选课存储过程返回结果：1
[2025-03-12 11:01:25] [INFO] 选课成功
[2025-03-12 11:01:26] [INFO] 开始加载可选课程列表
[2025-03-12 11:01:26] [INFO] 执行查询：SELECT c.*, (SELECT COUNT(*) FROM course_selection cs WHERE cs.course_id = c.course_id AND cs.student_id = ?) as selected FROM courses c, 参数：studentId=S001
[2025-03-12 11:01:26] [INFO] 成功加载 12 门课程
[2025-03-12 11:01:26] [INFO] 执行查询已选课程：SELECT c.* FROM courses c JOIN course_selection cs ON c.course_id = cs.course_id WHERE cs.student_id = ?, 参数：studentId=S001
[2025-03-12 11:01:26] [INFO] 成功加载已选课程数据
[2025-03-12 11:01:26] [INFO] 开始加载可选课程列表
[2025-03-12 11:01:26] [INFO] 执行查询：SELECT c.*, (SELECT COUNT(*) FROM course_selection cs WHERE cs.course_id = c.course_id AND cs.student_id = ?) as selected FROM courses c, 参数：studentId=S001
[2025-03-12 11:01:26] [INFO] 成功加载 12 门课程
[2025-03-12 11:01:27] [INFO] 获取单元格编辑器组件：row=4, value=退课
[2025-03-12 11:01:27] [INFO] 按钮被点击：退课，当前行：4
[2025-03-12 11:01:27] [INFO] 触发按钮点击事件：row=4
[2025-03-12 11:01:27] [INFO] 学生 S001 尝试退课 C008
[2025-03-12 11:01:27] [INFO] 执行退课存储过程，参数：studentId=S001, courseId=C008
[2025-03-12 11:01:27] [INFO] 退课存储过程返回结果：1
[2025-03-12 11:01:27] [INFO] 退课成功
[2025-03-12 11:01:28] [INFO] 开始加载可选课程列表
[2025-03-12 11:01:28] [INFO] 执行查询：SELECT c.*, (SELECT COUNT(*) FROM course_selection cs WHERE cs.course_id = c.course_id AND cs.student_id = ?) as selected FROM courses c, 参数：studentId=S001
[2025-03-12 11:01:28] [INFO] 成功加载 12 门课程
[2025-03-12 11:01:28] [INFO] 执行查询已选课程：SELECT c.* FROM courses c JOIN course_selection cs ON c.course_id = cs.course_id WHERE cs.student_id = ?, 参数：studentId=S001
[2025-03-12 11:01:28] [INFO] 成功加载已选课程数据
[2025-03-12 11:01:28] [INFO] 执行查询已选课程：SELECT c.* FROM courses c JOIN course_selection cs ON c.course_id = cs.course_id WHERE cs.student_id = ?, 参数：studentId=S001
[2025-03-12 11:01:28] [INFO] 成功加载已选课程数据
[2025-03-12 11:04:02] [INFO] 开始加载可选课程列表
[2025-03-12 11:04:02] [INFO] 执行查询：SELECT c.*, (SELECT COUNT(*) FROM course_selection cs WHERE cs.course_id = c.course_id AND cs.student_id = ?) as selected FROM courses c, 参数：studentId=S001
[2025-03-12 11:04:02] [INFO] 成功加载 12 门课程
[2025-03-12 11:04:02] [INFO] 执行查询已选课程：SELECT c.* FROM courses c JOIN course_selection cs ON c.course_id = cs.course_id WHERE cs.student_id = ?, 参数：studentId=S001
[2025-03-12 11:04:02] [INFO] 成功加载已选课程数据
[2025-03-12 11:04:04] [INFO] 获取单元格编辑器组件：row=1, value=选课
[2025-03-12 11:04:04] [INFO] 按钮被点击：选课，当前行：1
[2025-03-12 11:04:04] [INFO] 触发按钮点击事件：row=1
[2025-03-12 11:04:04] [INFO] 选课按钮被点击，行号：1
[2025-03-12 11:04:04] [INFO] 准备选择课程：C002
[2025-03-12 11:04:04] [INFO] 学生 S001 尝试选择课程 C002
[2025-03-12 11:04:04] [INFO] 执行选课存储过程，参数：studentId=S001, courseId=C002
[2025-03-12 11:04:04] [INFO] 选课存储过程返回结果：1
[2025-03-12 11:04:04] [INFO] 选课成功
[2025-03-12 11:04:05] [INFO] 开始加载可选课程列表
[2025-03-12 11:04:05] [INFO] 执行查询：SELECT c.*, (SELECT COUNT(*) FROM course_selection cs WHERE cs.course_id = c.course_id AND cs.student_id = ?) as selected FROM courses c, 参数：studentId=S001
[2025-03-12 11:04:05] [INFO] 成功加载 12 门课程
[2025-03-12 11:04:05] [INFO] 执行查询已选课程：SELECT c.* FROM courses c JOIN course_selection cs ON c.course_id = cs.course_id WHERE cs.student_id = ?, 参数：studentId=S001
[2025-03-12 11:04:05] [INFO] 成功加载已选课程数据
[2025-03-12 11:04:05] [INFO] 开始加载可选课程列表
[2025-03-12 11:04:05] [INFO] 执行查询：SELECT c.*, (SELECT COUNT(*) FROM course_selection cs WHERE cs.course_id = c.course_id AND cs.student_id = ?) as selected FROM courses c, 参数：studentId=S001
[2025-03-12 11:04:05] [INFO] 成功加载 12 门课程
[2025-03-12 11:04:06] [INFO] 获取单元格编辑器组件：row=2, value=选课
[2025-03-12 11:04:06] [INFO] 按钮被点击：选课，当前行：2
[2025-03-12 11:04:06] [INFO] 触发按钮点击事件：row=2
[2025-03-12 11:04:06] [INFO] 选课按钮被点击，行号：2
[2025-03-12 11:04:06] [INFO] 准备选择课程：C003
[2025-03-12 11:04:06] [INFO] 学生 S001 尝试选择课程 C003
[2025-03-12 11:04:06] [INFO] 执行选课存储过程，参数：studentId=S001, courseId=C003
[2025-03-12 11:04:06] [INFO] 选课存储过程返回结果：1
[2025-03-12 11:04:06] [INFO] 选课成功
[2025-03-12 11:04:06] [INFO] 开始加载可选课程列表
[2025-03-12 11:04:06] [INFO] 执行查询：SELECT c.*, (SELECT COUNT(*) FROM course_selection cs WHERE cs.course_id = c.course_id AND cs.student_id = ?) as selected FROM courses c, 参数：studentId=S001
[2025-03-12 11:04:06] [INFO] 成功加载 12 门课程
[2025-03-12 11:04:06] [INFO] 执行查询已选课程：SELECT c.* FROM courses c JOIN course_selection cs ON c.course_id = cs.course_id WHERE cs.student_id = ?, 参数：studentId=S001
[2025-03-12 11:04:06] [INFO] 成功加载已选课程数据
[2025-03-12 11:04:06] [INFO] 开始加载可选课程列表
[2025-03-12 11:04:06] [INFO] 执行查询：SELECT c.*, (SELECT COUNT(*) FROM course_selection cs WHERE cs.course_id = c.course_id AND cs.student_id = ?) as selected FROM courses c, 参数：studentId=S001
[2025-03-12 11:04:06] [INFO] 成功加载 12 门课程
[2025-03-12 11:04:07] [INFO] 获取单元格编辑器组件：row=1, value=已选
[2025-03-12 11:04:08] [INFO] 按钮被点击：选课，当前行：1
[2025-03-12 11:04:08] [INFO] 触发按钮点击事件：row=1
[2025-03-12 11:04:08] [INFO] 选课按钮被点击，行号：1
[2025-03-12 11:04:08] [INFO] 准备选择课程：C002
[2025-03-12 11:04:08] [INFO] 学生 S001 尝试选择课程 C002
[2025-03-12 11:04:08] [INFO] 执行选课存储过程，参数：studentId=S001, courseId=C002
[2025-03-12 11:04:08] [INFO] 选课存储过程返回结果：-2
[2025-03-12 11:04:08] [INFO] 选课失败：已经选过这门课
[2025-03-12 11:04:08] [INFO] 开始加载可选课程列表
[2025-03-12 11:04:08] [INFO] 执行查询：SELECT c.*, (SELECT COUNT(*) FROM course_selection cs WHERE cs.course_id = c.course_id AND cs.student_id = ?) as selected FROM courses c, 参数：studentId=S001
[2025-03-12 11:04:08] [INFO] 成功加载 12 门课程
[2025-03-12 11:04:11] [INFO] 获取单元格编辑器组件：row=0, value=退课
[2025-03-12 11:04:11] [INFO] 按钮被点击：退课，当前行：0
[2025-03-12 11:04:11] [INFO] 触发按钮点击事件：row=0
[2025-03-12 11:04:11] [INFO] 学生 S001 尝试退课 C001
[2025-03-12 11:04:11] [INFO] 执行退课存储过程，参数：studentId=S001, courseId=C001
[2025-03-12 11:04:11] [INFO] 退课存储过程返回结果：1
[2025-03-12 11:04:11] [INFO] 退课成功
[2025-03-12 11:04:12] [INFO] 开始加载可选课程列表
[2025-03-12 11:04:12] [INFO] 执行查询：SELECT c.*, (SELECT COUNT(*) FROM course_selection cs WHERE cs.course_id = c.course_id AND cs.student_id = ?) as selected FROM courses c, 参数：studentId=S001
[2025-03-12 11:04:12] [INFO] 成功加载 12 门课程
[2025-03-12 11:04:12] [INFO] 执行查询已选课程：SELECT c.* FROM courses c JOIN course_selection cs ON c.course_id = cs.course_id WHERE cs.student_id = ?, 参数：studentId=S001
[2025-03-12 11:04:12] [INFO] 成功加载已选课程数据
[2025-03-12 11:04:12] [INFO] 执行查询已选课程：SELECT c.* FROM courses c JOIN course_selection cs ON c.course_id = cs.course_id WHERE cs.student_id = ?, 参数：studentId=S001
[2025-03-12 11:04:12] [INFO] 成功加载已选课程数据
[2025-03-12 11:04:12] [INFO] 获取单元格编辑器组件：row=0, value=退课
[2025-03-12 11:04:12] [INFO] 按钮被点击：退课，当前行：0
[2025-03-12 11:04:12] [INFO] 触发按钮点击事件：row=0
[2025-03-12 11:04:12] [INFO] 学生 S001 尝试退课 C002
[2025-03-12 11:04:12] [INFO] 执行退课存储过程，参数：studentId=S001, courseId=C002
[2025-03-12 11:04:12] [INFO] 退课存储过程返回结果：1
[2025-03-12 11:04:12] [INFO] 退课成功
[2025-03-12 11:04:13] [INFO] 开始加载可选课程列表
[2025-03-12 11:04:13] [INFO] 执行查询：SELECT c.*, (SELECT COUNT(*) FROM course_selection cs WHERE cs.course_id = c.course_id AND cs.student_id = ?) as selected FROM courses c, 参数：studentId=S001
[2025-03-12 11:04:13] [INFO] 成功加载 12 门课程
[2025-03-12 11:04:13] [INFO] 执行查询已选课程：SELECT c.* FROM courses c JOIN course_selection cs ON c.course_id = cs.course_id WHERE cs.student_id = ?, 参数：studentId=S001
[2025-03-12 11:04:13] [INFO] 成功加载已选课程数据
[2025-03-12 11:04:13] [INFO] 执行查询已选课程：SELECT c.* FROM courses c JOIN course_selection cs ON c.course_id = cs.course_id WHERE cs.student_id = ?, 参数：studentId=S001
[2025-03-12 11:04:13] [INFO] 成功加载已选课程数据
[2025-03-12 11:04:14] [INFO] 获取单元格编辑器组件：row=0, value=退课
[2025-03-12 11:04:14] [INFO] 按钮被点击：退课，当前行：0
[2025-03-12 11:04:14] [INFO] 触发按钮点击事件：row=0
[2025-03-12 11:04:14] [INFO] 学生 S001 尝试退课 C003
[2025-03-12 11:04:14] [INFO] 执行退课存储过程，参数：studentId=S001, courseId=C003
[2025-03-12 11:04:14] [INFO] 退课存储过程返回结果：1
[2025-03-12 11:04:14] [INFO] 退课成功
[2025-03-12 11:04:15] [INFO] 开始加载可选课程列表
[2025-03-12 11:04:15] [INFO] 执行查询：SELECT c.*, (SELECT COUNT(*) FROM course_selection cs WHERE cs.course_id = c.course_id AND cs.student_id = ?) as selected FROM courses c, 参数：studentId=S001
[2025-03-12 11:04:15] [INFO] 成功加载 12 门课程
[2025-03-12 11:04:15] [INFO] 执行查询已选课程：SELECT c.* FROM courses c JOIN course_selection cs ON c.course_id = cs.course_id WHERE cs.student_id = ?, 参数：studentId=S001
[2025-03-12 11:04:15] [INFO] 成功加载已选课程数据
[2025-03-12 11:04:15] [INFO] 执行查询已选课程：SELECT c.* FROM courses c JOIN course_selection cs ON c.course_id = cs.course_id WHERE cs.student_id = ?, 参数：studentId=S001
[2025-03-12 11:04:15] [INFO] 成功加载已选课程数据
[2025-03-12 11:04:15] [INFO] 获取单元格编辑器组件：row=0, value=退课
[2025-03-12 11:04:15] [INFO] 按钮被点击：退课，当前行：0
[2025-03-12 11:04:15] [INFO] 触发按钮点击事件：row=0
[2025-03-12 11:04:15] [INFO] 学生 S001 尝试退课 C004
[2025-03-12 11:04:16] [INFO] 执行退课存储过程，参数：studentId=S001, courseId=C004
[2025-03-12 11:04:16] [INFO] 退课存储过程返回结果：1
[2025-03-12 11:04:16] [INFO] 退课成功
[2025-03-12 11:04:16] [INFO] 开始加载可选课程列表
[2025-03-12 11:04:16] [INFO] 执行查询：SELECT c.*, (SELECT COUNT(*) FROM course_selection cs WHERE cs.course_id = c.course_id AND cs.student_id = ?) as selected FROM courses c, 参数：studentId=S001
[2025-03-12 11:04:16] [INFO] 成功加载 12 门课程
[2025-03-12 11:04:16] [INFO] 执行查询已选课程：SELECT c.* FROM courses c JOIN course_selection cs ON c.course_id = cs.course_id WHERE cs.student_id = ?, 参数：studentId=S001
[2025-03-12 11:04:16] [INFO] 成功加载已选课程数据
[2025-03-12 11:04:16] [INFO] 执行查询已选课程：SELECT c.* FROM courses c JOIN course_selection cs ON c.course_id = cs.course_id WHERE cs.student_id = ?, 参数：studentId=S001
[2025-03-12 11:04:16] [INFO] 成功加载已选课程数据
[2025-03-12 11:04:17] [INFO] 获取单元格编辑器组件：row=0, value=退课
[2025-03-12 11:04:17] [INFO] 按钮被点击：退课，当前行：0
[2025-03-12 11:04:17] [INFO] 触发按钮点击事件：row=0
[2025-03-12 11:04:17] [INFO] 学生 S001 尝试退课 C005
[2025-03-12 11:04:17] [INFO] 执行退课存储过程，参数：studentId=S001, courseId=C005
[2025-03-12 11:04:17] [INFO] 退课存储过程返回结果：1
[2025-03-12 11:04:17] [INFO] 退课成功
[2025-03-12 11:04:18] [INFO] 开始加载可选课程列表
[2025-03-12 11:04:18] [INFO] 执行查询：SELECT c.*, (SELECT COUNT(*) FROM course_selection cs WHERE cs.course_id = c.course_id AND cs.student_id = ?) as selected FROM courses c, 参数：studentId=S001
[2025-03-12 11:04:18] [INFO] 成功加载 12 门课程
[2025-03-12 11:04:18] [INFO] 执行查询已选课程：SELECT c.* FROM courses c JOIN course_selection cs ON c.course_id = cs.course_id WHERE cs.student_id = ?, 参数：studentId=S001
[2025-03-12 11:04:18] [INFO] 成功加载已选课程数据
[2025-03-12 11:04:18] [INFO] 执行查询已选课程：SELECT c.* FROM courses c JOIN course_selection cs ON c.course_id = cs.course_id WHERE cs.student_id = ?, 参数：studentId=S001
[2025-03-12 11:04:18] [INFO] 成功加载已选课程数据
[2025-03-12 11:04:19] [INFO] 获取单元格编辑器组件：row=0, value=退课
[2025-03-12 11:04:19] [INFO] 按钮被点击：退课，当前行：0
[2025-03-12 11:04:19] [INFO] 触发按钮点击事件：row=0
[2025-03-12 11:04:19] [INFO] 学生 S001 尝试退课 C006
[2025-03-12 11:04:19] [INFO] 执行退课存储过程，参数：studentId=S001, courseId=C006
[2025-03-12 11:04:19] [INFO] 退课存储过程返回结果：1
[2025-03-12 11:04:19] [INFO] 退课成功
[2025-03-12 11:04:20] [INFO] 开始加载可选课程列表
[2025-03-12 11:04:20] [INFO] 执行查询：SELECT c.*, (SELECT COUNT(*) FROM course_selection cs WHERE cs.course_id = c.course_id AND cs.student_id = ?) as selected FROM courses c, 参数：studentId=S001
[2025-03-12 11:04:20] [INFO] 成功加载 12 门课程
[2025-03-12 11:04:20] [INFO] 执行查询已选课程：SELECT c.* FROM courses c JOIN course_selection cs ON c.course_id = cs.course_id WHERE cs.student_id = ?, 参数：studentId=S001
[2025-03-12 11:04:20] [INFO] 成功加载已选课程数据
[2025-03-12 11:04:20] [INFO] 执行查询已选课程：SELECT c.* FROM courses c JOIN course_selection cs ON c.course_id = cs.course_id WHERE cs.student_id = ?, 参数：studentId=S001
[2025-03-12 11:04:20] [INFO] 成功加载已选课程数据
[2025-03-12 11:14:41] [INFO] 开始加载可选课程列表
[2025-03-12 11:14:41] [INFO] 执行查询：SELECT c.*, (SELECT COUNT(*) FROM course_selection cs WHERE cs.course_id = c.course_id AND cs.student_id = ?) as selected FROM courses c, 参数：studentId=S001
[2025-03-12 11:14:41] [INFO] 成功加载 12 门课程
[2025-03-12 11:14:41] [INFO] 执行查询已选课程：SELECT c.* FROM courses c JOIN course_selection cs ON c.course_id = cs.course_id WHERE cs.student_id = ?, 参数：studentId=S001
[2025-03-12 11:14:41] [INFO] 成功加载已选课程数据
[2025-03-12 11:14:47] [INFO] 获取单元格编辑器组件：row=2, value=退课
[2025-03-12 11:14:47] [INFO] 按钮被点击：退课，当前行：2
[2025-03-12 11:14:47] [INFO] 触发按钮点击事件：row=2
[2025-03-12 11:14:47] [INFO] 学生 S001 尝试退课 C003
[2025-03-12 11:14:47] [INFO] 执行退课存储过程，参数：studentId=S001, courseId=C003
[2025-03-12 11:14:47] [INFO] 退课存储过程返回结果：-3
[2025-03-12 11:14:47] [ERROR] 退课失败：课程人数错误
Exception details:
java.lang.Exception: 课程人数错误
	at view.StudentFrame.dropCourse(StudentFrame.java:251)
	at view.StudentFrame.lambda$createMyCoursePanel$2(StudentFrame.java:182)
	at view.ButtonEditor.getCellEditorValue(StudentFrame.java:411)
	at java.desktop/javax.swing.JTable.editingStopped(JTable.java:4790)
	at java.desktop/javax.swing.AbstractCellEditor.fireEditingStopped(AbstractCellEditor.java:152)
	at view.ButtonEditor.lambda$new$0(StudentFrame.java:388)
	at java.desktop/javax.swing.AbstractButton.fireActionPerformed(AbstractButton.java:1972)
	at java.desktop/javax.swing.AbstractButton$Handler.actionPerformed(AbstractButton.java:2314)
	at java.desktop/javax.swing.DefaultButtonModel.fireActionPerformed(DefaultButtonModel.java:407)
	at java.desktop/javax.swing.DefaultButtonModel.setPressed(DefaultButtonModel.java:262)
	at java.desktop/javax.swing.plaf.basic.BasicButtonListener.mouseReleased(BasicButtonListener.java:279)
	at java.desktop/java.awt.Component.processMouseEvent(Component.java:6621)
	at java.desktop/javax.swing.JComponent.processMouseEvent(JComponent.java:3398)
	at java.desktop/java.awt.Component.processEvent(Component.java:6386)
	at java.desktop/java.awt.Container.processEvent(Container.java:2266)
	at java.desktop/java.awt.Component.dispatchEventImpl(Component.java:4996)
	at java.desktop/java.awt.Container.dispatchEventImpl(Container.java:2324)
	at java.desktop/java.awt.Component.dispatchEvent(Component.java:4828)
	at java.desktop/javax.swing.plaf.basic.BasicTableUI$Handler.repostEvent(BasicTableUI.java:978)
	at java.desktop/javax.swing.plaf.basic.BasicTableUI$Handler.mouseReleased(BasicTableUI.java:1194)
	at java.desktop/java.awt.AWTEventMulticaster.mouseReleased(AWTEventMulticaster.java:298)
	at java.desktop/java.awt.Component.processMouseEvent(Component.java:6621)
	at java.desktop/javax.swing.JComponent.processMouseEvent(JComponent.java:3398)
	at java.desktop/java.awt.Component.processEvent(Component.java:6386)
	at java.desktop/java.awt.Container.processEvent(Container.java:2266)
	at java.desktop/java.awt.Component.dispatchEventImpl(Component.java:4996)
	at java.desktop/java.awt.Container.dispatchEventImpl(Container.java:2324)
	at java.desktop/java.awt.Component.dispatchEvent(Component.java:4828)
	at java.desktop/java.awt.LightweightDispatcher.retargetMouseEvent(Container.java:4948)
	at java.desktop/java.awt.LightweightDispatcher.processMouseEvent(Container.java:4575)
	at java.desktop/java.awt.LightweightDispatcher.dispatchEvent(Container.java:4516)
	at java.desktop/java.awt.Container.dispatchEventImpl(Container.java:2310)
	at java.desktop/java.awt.Window.dispatchEventImpl(Window.java:2780)
	at java.desktop/java.awt.Component.dispatchEvent(Component.java:4828)
	at java.desktop/java.awt.EventQueue.dispatchEventImpl(EventQueue.java:775)
	at java.desktop/java.awt.EventQueue$4.run(EventQueue.java:720)
	at java.desktop/java.awt.EventQueue$4.run(EventQueue.java:714)
	at java.base/java.security.AccessController.doPrivileged(AccessController.java:400)
	at java.base/java.security.ProtectionDomain$JavaSecurityAccessImpl.doIntersectionPrivilege(ProtectionDomain.java:87)
	at java.base/java.security.ProtectionDomain$JavaSecurityAccessImpl.doIntersectionPrivilege(ProtectionDomain.java:98)
	at java.desktop/java.awt.EventQueue$5.run(EventQueue.java:747)
	at java.desktop/java.awt.EventQueue$5.run(EventQueue.java:745)
	at java.base/java.security.AccessController.doPrivileged(AccessController.java:400)
	at java.base/java.security.ProtectionDomain$JavaSecurityAccessImpl.doIntersectionPrivilege(ProtectionDomain.java:87)
	at java.desktop/java.awt.EventQueue.dispatchEvent(EventQueue.java:744)
	at java.desktop/java.awt.EventDispatchThread.pumpOneEventForFilters(EventDispatchThread.java:203)
	at java.desktop/java.awt.EventDispatchThread.pumpEventsForFilter(EventDispatchThread.java:124)
	at java.desktop/java.awt.EventDispatchThread.pumpEventsForHierarchy(EventDispatchThread.java:113)
	at java.desktop/java.awt.EventDispatchThread.pumpEvents(EventDispatchThread.java:109)
	at java.desktop/java.awt.EventDispatchThread.pumpEvents(EventDispatchThread.java:101)
	at java.desktop/java.awt.EventDispatchThread.run(EventDispatchThread.java:90)
--------------------
[2025-03-12 11:14:49] [INFO] 执行查询已选课程：SELECT c.* FROM courses c JOIN course_selection cs ON c.course_id = cs.course_id WHERE cs.student_id = ?, 参数：studentId=S001
[2025-03-12 11:14:49] [INFO] 成功加载已选课程数据
[2025-03-12 11:17:09] [INFO] 开始加载可选课程列表
[2025-03-12 11:17:09] [INFO] 执行查询：SELECT c.*, (SELECT COUNT(*) FROM course_selection cs WHERE cs.course_id = c.course_id AND cs.student_id = ?) as selected FROM courses c, 参数：studentId=S001
[2025-03-12 11:17:09] [INFO] 成功加载 12 门课程
[2025-03-12 11:17:09] [INFO] 执行查询已选课程：SELECT c.* FROM courses c JOIN course_selection cs ON c.course_id = cs.course_id WHERE cs.student_id = ?, 参数：studentId=S001
[2025-03-12 11:17:09] [INFO] 成功加载已选课程数据
[2025-03-12 11:17:12] [INFO] 获取单元格编辑器组件：row=7, value=选课
[2025-03-12 11:17:12] [INFO] 按钮被点击：选课，当前行：7
[2025-03-12 11:17:12] [INFO] 触发按钮点击事件：row=7
[2025-03-12 11:17:12] [INFO] 选课按钮被点击，行号：7
[2025-03-12 11:17:12] [INFO] 准备选择课程：C008
[2025-03-12 11:17:12] [INFO] 学生 S001 尝试选择课程 C008
[2025-03-12 11:17:12] [INFO] 执行选课存储过程，参数：studentId=S001, courseId=C008
[2025-03-12 11:17:12] [INFO] 选课存储过程返回结果：1
[2025-03-12 11:17:12] [INFO] 选课成功
[2025-03-12 11:17:13] [INFO] 开始加载可选课程列表
[2025-03-12 11:17:13] [INFO] 执行查询：SELECT c.*, (SELECT COUNT(*) FROM course_selection cs WHERE cs.course_id = c.course_id AND cs.student_id = ?) as selected FROM courses c, 参数：studentId=S001
[2025-03-12 11:17:13] [INFO] 成功加载 12 门课程
[2025-03-12 11:17:13] [INFO] 执行查询已选课程：SELECT c.* FROM courses c JOIN course_selection cs ON c.course_id = cs.course_id WHERE cs.student_id = ?, 参数：studentId=S001
[2025-03-12 11:17:13] [INFO] 成功加载已选课程数据
[2025-03-12 11:17:13] [INFO] 开始加载可选课程列表
[2025-03-12 11:17:13] [INFO] 执行查询：SELECT c.*, (SELECT COUNT(*) FROM course_selection cs WHERE cs.course_id = c.course_id AND cs.student_id = ?) as selected FROM courses c, 参数：studentId=S001
[2025-03-12 11:17:13] [INFO] 成功加载 12 门课程
[2025-03-12 11:17:15] [INFO] 获取单元格编辑器组件：row=3, value=退课
[2025-03-12 11:17:15] [INFO] 按钮被点击：退课，当前行：3
[2025-03-12 11:17:15] [INFO] 触发按钮点击事件：row=3
[2025-03-12 11:17:15] [INFO] 学生 S001 尝试退课 C008
[2025-03-12 11:17:15] [INFO] 执行退课存储过程，参数：studentId=S001, courseId=C008
[2025-03-12 11:17:15] [INFO] 退课存储过程返回结果：1
[2025-03-12 11:17:15] [INFO] 退课成功
[2025-03-12 11:17:16] [INFO] 开始加载可选课程列表
[2025-03-12 11:17:16] [INFO] 执行查询：SELECT c.*, (SELECT COUNT(*) FROM course_selection cs WHERE cs.course_id = c.course_id AND cs.student_id = ?) as selected FROM courses c, 参数：studentId=S001
[2025-03-12 11:17:16] [INFO] 成功加载 12 门课程
[2025-03-12 11:17:16] [INFO] 执行查询已选课程：SELECT c.* FROM courses c JOIN course_selection cs ON c.course_id = cs.course_id WHERE cs.student_id = ?, 参数：studentId=S001
[2025-03-12 11:17:16] [INFO] 成功加载已选课程数据
[2025-03-12 11:17:16] [INFO] 执行查询已选课程：SELECT c.* FROM courses c JOIN course_selection cs ON c.course_id = cs.course_id WHERE cs.student_id = ?, 参数：studentId=S001
[2025-03-12 11:17:16] [INFO] 成功加载已选课程数据
[2025-03-12 11:18:31] [INFO] 开始加载可选课程列表
[2025-03-12 11:18:31] [INFO] 执行查询：SELECT c.*, (SELECT COUNT(*) FROM course_selection cs WHERE cs.course_id = c.course_id AND cs.student_id = ?) as selected FROM courses c, 参数：studentId=S001
[2025-03-12 11:18:31] [INFO] 成功加载 12 门课程
[2025-03-12 11:18:31] [INFO] 执行查询：SELECT c.* FROM courses c JOIN course_selection cs ON c.course_id = cs.course_id WHERE cs.student_id = ?, 参数：studentId=S001
[2025-03-12 11:18:31] [INFO] 成功加载已选课程数据
[2025-03-12 11:18:35] [INFO] 获取单元格编辑器组件：row=11, value=选课
[2025-03-12 11:18:36] [INFO] 按钮被点击：选课，当前行：11
[2025-03-12 11:18:36] [INFO] 触发按钮点击事件：row=11
[2025-03-12 11:18:36] [INFO] 选课按钮被点击，行号：11
[2025-03-12 11:18:36] [INFO] 准备选择课程：C012
[2025-03-12 11:18:36] [INFO] 学生 S001 尝试选择课程 C012
[2025-03-12 11:18:36] [INFO] 执行选课存储过程，参数：studentId=S001, courseId=C012
[2025-03-12 11:18:36] [INFO] 选课存储过程返回结果：1
[2025-03-12 11:18:36] [INFO] 选课成功
[2025-03-12 11:18:37] [INFO] 开始加载可选课程列表
[2025-03-12 11:18:37] [INFO] 执行查询：SELECT c.*, (SELECT COUNT(*) FROM course_selection cs WHERE cs.course_id = c.course_id AND cs.student_id = ?) as selected FROM courses c, 参数：studentId=S001
[2025-03-12 11:18:37] [INFO] 成功加载 12 门课程
[2025-03-12 11:18:37] [INFO] 执行查询：SELECT c.* FROM courses c JOIN course_selection cs ON c.course_id = cs.course_id WHERE cs.student_id = ?, 参数：studentId=S001
[2025-03-12 11:18:37] [INFO] 成功加载已选课程数据
[2025-03-12 11:18:37] [INFO] 开始加载可选课程列表
[2025-03-12 11:18:37] [INFO] 执行查询：SELECT c.*, (SELECT COUNT(*) FROM course_selection cs WHERE cs.course_id = c.course_id AND cs.student_id = ?) as selected FROM courses c, 参数：studentId=S001
[2025-03-12 11:18:37] [INFO] 成功加载 12 门课程
[2025-03-12 11:18:39] [INFO] 获取单元格编辑器组件：row=3, value=退课
[2025-03-12 11:18:39] [INFO] 按钮被点击：退课，当前行：3
[2025-03-12 11:18:39] [INFO] 触发按钮点击事件：row=3
[2025-03-12 11:18:39] [INFO] 学生 S001 尝试退课 C012
[2025-03-12 11:18:39] [INFO] 执行退课存储过程，参数：studentId=S001, courseId=C012
[2025-03-12 11:18:39] [INFO] 退课存储过程返回结果：1
[2025-03-12 11:18:39] [INFO] 退课成功
[2025-03-12 11:18:40] [INFO] 开始加载可选课程列表
[2025-03-12 11:18:40] [INFO] 执行查询：SELECT c.*, (SELECT COUNT(*) FROM course_selection cs WHERE cs.course_id = c.course_id AND cs.student_id = ?) as selected FROM courses c, 参数：studentId=S001
[2025-03-12 11:18:40] [INFO] 成功加载 12 门课程
[2025-03-12 11:18:40] [INFO] 执行查询：SELECT c.* FROM courses c JOIN course_selection cs ON c.course_id = cs.course_id WHERE cs.student_id = ?, 参数：studentId=S001
[2025-03-12 11:18:40] [INFO] 成功加载已选课程数据
[2025-03-12 11:18:40] [INFO] 执行查询：SELECT c.* FROM courses c JOIN course_selection cs ON c.course_id = cs.course_id WHERE cs.student_id = ?, 参数：studentId=S001
[2025-03-12 11:18:40] [INFO] 成功加载已选课程数据
[2025-03-12 11:18:55] [INFO] 获取单元格编辑器组件：row=6, value=选课
[2025-03-12 11:18:55] [INFO] 按钮被点击：选课，当前行：6
[2025-03-12 11:18:55] [INFO] 触发按钮点击事件：row=6
[2025-03-12 11:18:55] [INFO] 选课按钮被点击，行号：6
[2025-03-12 11:18:55] [INFO] 准备选择课程：C007
[2025-03-12 11:18:55] [INFO] 学生 S001 尝试选择课程 C007
[2025-03-12 11:18:55] [INFO] 执行选课存储过程，参数：studentId=S001, courseId=C007
[2025-03-12 11:18:55] [INFO] 选课存储过程返回结果：1
[2025-03-12 11:18:55] [INFO] 选课成功
[2025-03-12 11:18:55] [INFO] 开始加载可选课程列表
[2025-03-12 11:18:55] [INFO] 执行查询：SELECT c.*, (SELECT COUNT(*) FROM course_selection cs WHERE cs.course_id = c.course_id AND cs.student_id = ?) as selected FROM courses c, 参数：studentId=S001
[2025-03-12 11:18:55] [INFO] 成功加载 12 门课程
[2025-03-12 11:18:55] [INFO] 执行查询：SELECT c.* FROM courses c JOIN course_selection cs ON c.course_id = cs.course_id WHERE cs.student_id = ?, 参数：studentId=S001
[2025-03-12 11:18:55] [INFO] 成功加载已选课程数据
[2025-03-12 11:18:55] [INFO] 开始加载可选课程列表
[2025-03-12 11:18:55] [INFO] 执行查询：SELECT c.*, (SELECT COUNT(*) FROM course_selection cs WHERE cs.course_id = c.course_id AND cs.student_id = ?) as selected FROM courses c, 参数：studentId=S001
[2025-03-12 11:18:55] [INFO] 成功加载 12 门课程
[2025-03-12 11:18:57] [INFO] 获取单元格编辑器组件：row=2, value=退课
[2025-03-12 11:18:58] [INFO] 按钮被点击：退课，当前行：2
[2025-03-12 11:18:58] [INFO] 触发按钮点击事件：row=2
[2025-03-12 11:18:58] [INFO] 学生 S001 尝试退课 C003
[2025-03-12 11:18:58] [INFO] 执行退课存储过程，参数：studentId=S001, courseId=C003
[2025-03-12 11:18:58] [INFO] 退课存储过程返回结果：1
[2025-03-12 11:18:58] [INFO] 退课成功
[2025-03-12 11:18:58] [INFO] 开始加载可选课程列表
[2025-03-12 11:18:58] [INFO] 执行查询：SELECT c.*, (SELECT COUNT(*) FROM course_selection cs WHERE cs.course_id = c.course_id AND cs.student_id = ?) as selected FROM courses c, 参数：studentId=S001
[2025-03-12 11:18:58] [INFO] 成功加载 12 门课程
[2025-03-12 11:18:58] [INFO] 执行查询：SELECT c.* FROM courses c JOIN course_selection cs ON c.course_id = cs.course_id WHERE cs.student_id = ?, 参数：studentId=S001
[2025-03-12 11:18:58] [INFO] 成功加载已选课程数据
[2025-03-12 11:18:58] [INFO] 执行查询：SELECT c.* FROM courses c JOIN course_selection cs ON c.course_id = cs.course_id WHERE cs.student_id = ?, 参数：studentId=S001
[2025-03-12 11:18:58] [INFO] 成功加载已选课程数据
[2025-03-12 11:18:59] [INFO] 获取单元格编辑器组件：row=2, value=退课
[2025-03-12 11:18:59] [INFO] 按钮被点击：退课，当前行：2
[2025-03-12 11:18:59] [INFO] 触发按钮点击事件：row=2
[2025-03-12 11:18:59] [INFO] 学生 S001 尝试退课 C007
[2025-03-12 11:18:59] [INFO] 执行退课存储过程，参数：studentId=S001, courseId=C007
[2025-03-12 11:18:59] [INFO] 退课存储过程返回结果：1
[2025-03-12 11:18:59] [INFO] 退课成功
[2025-03-12 11:19:00] [INFO] 开始加载可选课程列表
[2025-03-12 11:19:00] [INFO] 执行查询：SELECT c.*, (SELECT COUNT(*) FROM course_selection cs WHERE cs.course_id = c.course_id AND cs.student_id = ?) as selected FROM courses c, 参数：studentId=S001
[2025-03-12 11:19:00] [INFO] 成功加载 12 门课程
[2025-03-12 11:19:00] [INFO] 执行查询：SELECT c.* FROM courses c JOIN course_selection cs ON c.course_id = cs.course_id WHERE cs.student_id = ?, 参数：studentId=S001
[2025-03-12 11:19:00] [INFO] 成功加载已选课程数据
[2025-03-12 11:19:00] [INFO] 执行查询：SELECT c.* FROM courses c JOIN course_selection cs ON c.course_id = cs.course_id WHERE cs.student_id = ?, 参数：studentId=S001
[2025-03-12 11:19:00] [INFO] 成功加载已选课程数据
[2025-03-12 11:19:02] [INFO] 获取单元格编辑器组件：row=10, value=选课
[2025-03-12 11:19:02] [INFO] 按钮被点击：选课，当前行：10
[2025-03-12 11:19:02] [INFO] 触发按钮点击事件：row=10
[2025-03-12 11:19:02] [INFO] 选课按钮被点击，行号：10
[2025-03-12 11:19:02] [INFO] 准备选择课程：C011
[2025-03-12 11:19:02] [INFO] 学生 S001 尝试选择课程 C011
[2025-03-12 11:19:03] [INFO] 执行选课存储过程，参数：studentId=S001, courseId=C011
[2025-03-12 11:19:03] [INFO] 选课存储过程返回结果：1
[2025-03-12 11:19:03] [INFO] 选课成功
[2025-03-12 11:19:03] [INFO] 开始加载可选课程列表
[2025-03-12 11:19:03] [INFO] 执行查询：SELECT c.*, (SELECT COUNT(*) FROM course_selection cs WHERE cs.course_id = c.course_id AND cs.student_id = ?) as selected FROM courses c, 参数：studentId=S001
[2025-03-12 11:19:03] [INFO] 成功加载 12 门课程
[2025-03-12 11:19:03] [INFO] 执行查询：SELECT c.* FROM courses c JOIN course_selection cs ON c.course_id = cs.course_id WHERE cs.student_id = ?, 参数：studentId=S001
[2025-03-12 11:19:03] [INFO] 成功加载已选课程数据
[2025-03-12 11:19:03] [INFO] 开始加载可选课程列表
[2025-03-12 11:19:03] [INFO] 执行查询：SELECT c.*, (SELECT COUNT(*) FROM course_selection cs WHERE cs.course_id = c.course_id AND cs.student_id = ?) as selected FROM courses c, 参数：studentId=S001
[2025-03-12 11:19:03] [INFO] 成功加载 12 门课程
[2025-03-12 11:19:05] [INFO] 获取单元格编辑器组件：row=9, value=选课
[2025-03-12 11:19:05] [INFO] 按钮被点击：选课，当前行：9
[2025-03-12 11:19:05] [INFO] 触发按钮点击事件：row=9
[2025-03-12 11:19:05] [INFO] 选课按钮被点击，行号：9
[2025-03-12 11:19:05] [INFO] 准备选择课程：C010
[2025-03-12 11:19:05] [INFO] 学生 S001 尝试选择课程 C010
[2025-03-12 11:19:05] [INFO] 执行选课存储过程，参数：studentId=S001, courseId=C010
[2025-03-12 11:19:05] [INFO] 选课存储过程返回结果：1
[2025-03-12 11:19:05] [INFO] 选课成功
[2025-03-12 11:19:06] [INFO] 开始加载可选课程列表
[2025-03-12 11:19:06] [INFO] 执行查询：SELECT c.*, (SELECT COUNT(*) FROM course_selection cs WHERE cs.course_id = c.course_id AND cs.student_id = ?) as selected FROM courses c, 参数：studentId=S001
[2025-03-12 11:19:06] [INFO] 成功加载 12 门课程
[2025-03-12 11:19:06] [INFO] 执行查询：SELECT c.* FROM courses c JOIN course_selection cs ON c.course_id = cs.course_id WHERE cs.student_id = ?, 参数：studentId=S001
[2025-03-12 11:19:06] [INFO] 成功加载已选课程数据
[2025-03-12 11:19:06] [INFO] 开始加载可选课程列表
[2025-03-12 11:19:06] [INFO] 执行查询：SELECT c.*, (SELECT COUNT(*) FROM course_selection cs WHERE cs.course_id = c.course_id AND cs.student_id = ?) as selected FROM courses c, 参数：studentId=S001
[2025-03-12 11:19:06] [INFO] 成功加载 12 门课程
[2025-03-12 11:19:06] [INFO] 获取单元格编辑器组件：row=9, value=选课
[2025-03-12 11:19:06] [INFO] 按钮被点击：选课，当前行：9
[2025-03-12 11:19:06] [INFO] 触发按钮点击事件：row=9
[2025-03-12 11:19:06] [INFO] 选课按钮被点击，行号：9
[2025-03-12 11:19:06] [INFO] 准备选择课程：C010
[2025-03-12 11:19:06] [INFO] 学生 S001 尝试选择课程 C010
[2025-03-12 11:19:06] [INFO] 执行选课存储过程，参数：studentId=S001, courseId=C010
[2025-03-12 11:19:06] [INFO] 选课存储过程返回结果：-2
[2025-03-12 11:19:06] [INFO] 选课失败：已经选过这门课
[2025-03-12 11:19:08] [INFO] 开始加载可选课程列表
[2025-03-12 11:19:08] [INFO] 执行查询：SELECT c.*, (SELECT COUNT(*) FROM course_selection cs WHERE cs.course_id = c.course_id AND cs.student_id = ?) as selected FROM courses c, 参数：studentId=S001
[2025-03-12 11:19:08] [INFO] 成功加载 12 门课程
[2025-03-12 11:19:09] [INFO] 获取单元格编辑器组件：row=9, value=选课
[2025-03-12 11:19:09] [INFO] 按钮被点击：选课，当前行：9
[2025-03-12 11:19:09] [INFO] 触发按钮点击事件：row=9
[2025-03-12 11:19:09] [INFO] 选课按钮被点击，行号：9
[2025-03-12 11:19:09] [INFO] 准备选择课程：C010
[2025-03-12 11:19:09] [INFO] 学生 S001 尝试选择课程 C010
[2025-03-12 11:19:09] [INFO] 执行选课存储过程，参数：studentId=S001, courseId=C010
[2025-03-12 11:19:09] [INFO] 选课存储过程返回结果：-2
[2025-03-12 11:19:09] [INFO] 选课失败：已经选过这门课
[2025-03-12 11:19:10] [INFO] 开始加载可选课程列表
[2025-03-12 11:19:10] [INFO] 执行查询：SELECT c.*, (SELECT COUNT(*) FROM course_selection cs WHERE cs.course_id = c.course_id AND cs.student_id = ?) as selected FROM courses c, 参数：studentId=S001
[2025-03-12 11:19:10] [INFO] 成功加载 12 门课程
[2025-03-12 11:19:10] [INFO] 获取单元格编辑器组件：row=11, value=选课
[2025-03-12 11:19:10] [INFO] 按钮被点击：选课，当前行：11
[2025-03-12 11:19:10] [INFO] 触发按钮点击事件：row=11
[2025-03-12 11:19:10] [INFO] 选课按钮被点击，行号：11
[2025-03-12 11:19:10] [INFO] 准备选择课程：C012
[2025-03-12 11:19:10] [INFO] 学生 S001 尝试选择课程 C012
[2025-03-12 11:19:10] [INFO] 执行选课存储过程，参数：studentId=S001, courseId=C012
[2025-03-12 11:19:10] [INFO] 选课存储过程返回结果：1
[2025-03-12 11:19:10] [INFO] 选课成功
[2025-03-12 11:19:11] [INFO] 开始加载可选课程列表
[2025-03-12 11:19:11] [INFO] 执行查询：SELECT c.*, (SELECT COUNT(*) FROM course_selection cs WHERE cs.course_id = c.course_id AND cs.student_id = ?) as selected FROM courses c, 参数：studentId=S001
[2025-03-12 11:19:11] [INFO] 成功加载 12 门课程
[2025-03-12 11:19:11] [INFO] 执行查询：SELECT c.* FROM courses c JOIN course_selection cs ON c.course_id = cs.course_id WHERE cs.student_id = ?, 参数：studentId=S001
[2025-03-12 11:19:11] [INFO] 成功加载已选课程数据
[2025-03-12 11:19:11] [INFO] 开始加载可选课程列表
[2025-03-12 11:19:11] [INFO] 执行查询：SELECT c.*, (SELECT COUNT(*) FROM course_selection cs WHERE cs.course_id = c.course_id AND cs.student_id = ?) as selected FROM courses c, 参数：studentId=S001
[2025-03-12 11:19:11] [INFO] 成功加载 12 门课程
[2025-03-12 11:19:12] [INFO] 获取单元格编辑器组件：row=6, value=选课
[2025-03-12 11:19:13] [INFO] 按钮被点击：选课，当前行：6
[2025-03-12 11:19:13] [INFO] 触发按钮点击事件：row=6
[2025-03-12 11:19:13] [INFO] 选课按钮被点击，行号：6
[2025-03-12 11:19:13] [INFO] 准备选择课程：C007
[2025-03-12 11:19:13] [INFO] 学生 S001 尝试选择课程 C007
[2025-03-12 11:19:13] [INFO] 执行选课存储过程，参数：studentId=S001, courseId=C007
[2025-03-12 11:19:13] [INFO] 选课存储过程返回结果：1
[2025-03-12 11:19:13] [INFO] 选课成功
[2025-03-12 11:19:13] [INFO] 开始加载可选课程列表
[2025-03-12 11:19:13] [INFO] 执行查询：SELECT c.*, (SELECT COUNT(*) FROM course_selection cs WHERE cs.course_id = c.course_id AND cs.student_id = ?) as selected FROM courses c, 参数：studentId=S001
[2025-03-12 11:19:13] [INFO] 成功加载 12 门课程
[2025-03-12 11:19:13] [INFO] 执行查询：SELECT c.* FROM courses c JOIN course_selection cs ON c.course_id = cs.course_id WHERE cs.student_id = ?, 参数：studentId=S001
[2025-03-12 11:19:13] [INFO] 成功加载已选课程数据
[2025-03-12 11:19:13] [INFO] 开始加载可选课程列表
[2025-03-12 11:19:13] [INFO] 执行查询：SELECT c.*, (SELECT COUNT(*) FROM course_selection cs WHERE cs.course_id = c.course_id AND cs.student_id = ?) as selected FROM courses c, 参数：studentId=S001
[2025-03-12 11:19:13] [INFO] 成功加载 12 门课程
[2025-03-12 11:19:15] [INFO] 获取单元格编辑器组件：row=4, value=选课
[2025-03-12 11:19:15] [INFO] 按钮被点击：选课，当前行：4
[2025-03-12 11:19:15] [INFO] 触发按钮点击事件：row=4
[2025-03-12 11:19:15] [INFO] 选课按钮被点击，行号：4
[2025-03-12 11:19:15] [INFO] 准备选择课程：C005
[2025-03-12 11:19:15] [INFO] 学生 S001 尝试选择课程 C005
[2025-03-12 11:19:15] [INFO] 执行选课存储过程，参数：studentId=S001, courseId=C005
[2025-03-12 11:19:15] [INFO] 选课存储过程返回结果：1
[2025-03-12 11:19:15] [INFO] 选课成功
[2025-03-12 11:19:17] [INFO] 开始加载可选课程列表
[2025-03-12 11:19:17] [INFO] 执行查询：SELECT c.*, (SELECT COUNT(*) FROM course_selection cs WHERE cs.course_id = c.course_id AND cs.student_id = ?) as selected FROM courses c, 参数：studentId=S001
[2025-03-12 11:19:17] [INFO] 成功加载 12 门课程
[2025-03-12 11:19:17] [INFO] 执行查询：SELECT c.* FROM courses c JOIN course_selection cs ON c.course_id = cs.course_id WHERE cs.student_id = ?, 参数：studentId=S001
[2025-03-12 11:19:17] [INFO] 成功加载已选课程数据
[2025-03-12 11:19:17] [INFO] 开始加载可选课程列表
[2025-03-12 11:19:17] [INFO] 执行查询：SELECT c.*, (SELECT COUNT(*) FROM course_selection cs WHERE cs.course_id = c.course_id AND cs.student_id = ?) as selected FROM courses c, 参数：studentId=S001
[2025-03-12 11:19:17] [INFO] 成功加载 12 门课程
[2025-03-12 11:19:19] [INFO] 获取单元格编辑器组件：row=3, value=选课
[2025-03-12 11:19:19] [INFO] 按钮被点击：选课，当前行：3
[2025-03-12 11:19:19] [INFO] 触发按钮点击事件：row=3
[2025-03-12 11:19:19] [INFO] 选课按钮被点击，行号：3
[2025-03-12 11:19:19] [INFO] 准备选择课程：C004
[2025-03-12 11:19:19] [INFO] 学生 S001 尝试选择课程 C004
[2025-03-12 11:19:19] [INFO] 执行选课存储过程，参数：studentId=S001, courseId=C004
[2025-03-12 11:19:19] [INFO] 选课存储过程返回结果：1
[2025-03-12 11:19:19] [INFO] 选课成功
[2025-03-12 11:19:21] [INFO] 开始加载可选课程列表
[2025-03-12 11:19:21] [INFO] 执行查询：SELECT c.*, (SELECT COUNT(*) FROM course_selection cs WHERE cs.course_id = c.course_id AND cs.student_id = ?) as selected FROM courses c, 参数：studentId=S001
[2025-03-12 11:19:21] [INFO] 成功加载 12 门课程
[2025-03-12 11:19:21] [INFO] 执行查询：SELECT c.* FROM courses c JOIN course_selection cs ON c.course_id = cs.course_id WHERE cs.student_id = ?, 参数：studentId=S001
[2025-03-12 11:19:21] [INFO] 成功加载已选课程数据
[2025-03-12 11:19:21] [INFO] 开始加载可选课程列表
[2025-03-12 11:19:21] [INFO] 执行查询：SELECT c.*, (SELECT COUNT(*) FROM course_selection cs WHERE cs.course_id = c.course_id AND cs.student_id = ?) as selected FROM courses c, 参数：studentId=S001
[2025-03-12 11:19:21] [INFO] 成功加载 12 门课程
[2025-03-12 11:21:34] [INFO] 开始加载可选课程列表
[2025-03-12 11:21:34] [INFO] 执行查询：SELECT c.*, (SELECT COUNT(*) FROM course_selection cs WHERE cs.course_id = c.course_id AND cs.student_id = ?) as is_selected FROM courses c, 参数：studentId=S001
[2025-03-12 11:21:34] [INFO] 成功加载 12 门课程
[2025-03-12 11:21:34] [INFO] 执行查询：SELECT c.* FROM courses c JOIN course_selection cs ON c.course_id = cs.course_id WHERE cs.student_id = ?, 参数：studentId=S001
[2025-03-12 11:21:34] [INFO] 成功加载已选课程数据
[2025-03-12 11:21:37] [INFO] 获取单元格编辑器组件：row=8, value=选课
[2025-03-12 11:21:37] [INFO] 按钮被点击：选课，当前行：8
[2025-03-12 11:21:37] [INFO] 触发按钮点击事件：row=8
[2025-03-12 11:21:37] [INFO] 选课按钮被点击，行号：8
[2025-03-12 11:21:37] [INFO] 准备选择课程：C009
[2025-03-12 11:21:37] [INFO] 学生 S001 尝试选择课程 C009
[2025-03-12 11:21:37] [INFO] 执行选课存储过程，参数：studentId=S001, courseId=C009
[2025-03-12 11:21:37] [INFO] 选课存储过程返回结果：1
[2025-03-12 11:21:37] [INFO] 选课成功
[2025-03-12 11:21:38] [INFO] 开始加载可选课程列表
[2025-03-12 11:21:38] [INFO] 执行查询：SELECT c.*, (SELECT COUNT(*) FROM course_selection cs WHERE cs.course_id = c.course_id AND cs.student_id = ?) as is_selected FROM courses c, 参数：studentId=S001
[2025-03-12 11:21:38] [INFO] 成功加载 12 门课程
[2025-03-12 11:21:38] [INFO] 执行查询：SELECT c.* FROM courses c JOIN course_selection cs ON c.course_id = cs.course_id WHERE cs.student_id = ?, 参数：studentId=S001
[2025-03-12 11:21:38] [INFO] 成功加载已选课程数据
[2025-03-12 11:21:38] [INFO] 开始加载可选课程列表
[2025-03-12 11:21:38] [INFO] 执行查询：SELECT c.*, (SELECT COUNT(*) FROM course_selection cs WHERE cs.course_id = c.course_id AND cs.student_id = ?) as is_selected FROM courses c, 参数：studentId=S001
[2025-03-12 11:21:38] [INFO] 成功加载 12 门课程
[2025-03-12 11:21:39] [INFO] 获取单元格编辑器组件：row=7, value=选课
[2025-03-12 11:21:39] [INFO] 按钮被点击：选课，当前行：7
[2025-03-12 11:21:39] [INFO] 触发按钮点击事件：row=7
[2025-03-12 11:21:39] [INFO] 选课按钮被点击，行号：7
[2025-03-12 11:21:39] [INFO] 准备选择课程：C008
[2025-03-12 11:21:39] [INFO] 学生 S001 尝试选择课程 C008
[2025-03-12 11:21:39] [INFO] 执行选课存储过程，参数：studentId=S001, courseId=C008
[2025-03-12 11:21:39] [INFO] 选课存储过程返回结果：1
[2025-03-12 11:21:39] [INFO] 选课成功
[2025-03-12 11:21:40] [INFO] 开始加载可选课程列表
[2025-03-12 11:21:40] [INFO] 执行查询：SELECT c.*, (SELECT COUNT(*) FROM course_selection cs WHERE cs.course_id = c.course_id AND cs.student_id = ?) as is_selected FROM courses c, 参数：studentId=S001
[2025-03-12 11:21:40] [INFO] 成功加载 12 门课程
[2025-03-12 11:21:40] [INFO] 执行查询：SELECT c.* FROM courses c JOIN course_selection cs ON c.course_id = cs.course_id WHERE cs.student_id = ?, 参数：studentId=S001
[2025-03-12 11:21:40] [INFO] 成功加载已选课程数据
[2025-03-12 11:21:40] [INFO] 开始加载可选课程列表
[2025-03-12 11:21:40] [INFO] 执行查询：SELECT c.*, (SELECT COUNT(*) FROM course_selection cs WHERE cs.course_id = c.course_id AND cs.student_id = ?) as is_selected FROM courses c, 参数：studentId=S001
[2025-03-12 11:21:40] [INFO] 成功加载 12 门课程
[2025-03-12 11:21:41] [INFO] 获取单元格编辑器组件：row=7, value=选课
[2025-03-12 11:21:41] [INFO] 按钮被点击：选课，当前行：7
[2025-03-12 11:21:41] [INFO] 触发按钮点击事件：row=7
[2025-03-12 11:21:41] [INFO] 选课按钮被点击，行号：7
[2025-03-12 11:21:41] [INFO] 准备选择课程：C008
[2025-03-12 11:21:41] [INFO] 学生 S001 尝试选择课程 C008
[2025-03-12 11:21:41] [INFO] 执行选课存储过程，参数：studentId=S001, courseId=C008
[2025-03-12 11:21:41] [INFO] 选课存储过程返回结果：-2
[2025-03-12 11:21:41] [INFO] 选课失败：已经选过这门课
[2025-03-12 11:21:41] [INFO] 开始加载可选课程列表
[2025-03-12 11:21:41] [INFO] 执行查询：SELECT c.*, (SELECT COUNT(*) FROM course_selection cs WHERE cs.course_id = c.course_id AND cs.student_id = ?) as is_selected FROM courses c, 参数：studentId=S001
[2025-03-12 11:21:41] [INFO] 成功加载 12 门课程
[2025-03-12 11:21:42] [INFO] 获取单元格编辑器组件：row=2, value=选课
[2025-03-12 11:21:42] [INFO] 按钮被点击：选课，当前行：2
[2025-03-12 11:21:42] [INFO] 触发按钮点击事件：row=2
[2025-03-12 11:21:42] [INFO] 选课按钮被点击，行号：2
[2025-03-12 11:21:42] [INFO] 准备选择课程：C003
[2025-03-12 11:21:42] [INFO] 学生 S001 尝试选择课程 C003
[2025-03-12 11:21:42] [INFO] 执行选课存储过程，参数：studentId=S001, courseId=C003
[2025-03-12 11:21:42] [INFO] 选课存储过程返回结果：1
[2025-03-12 11:21:42] [INFO] 选课成功
[2025-03-12 11:21:43] [INFO] 开始加载可选课程列表
[2025-03-12 11:21:43] [INFO] 执行查询：SELECT c.*, (SELECT COUNT(*) FROM course_selection cs WHERE cs.course_id = c.course_id AND cs.student_id = ?) as is_selected FROM courses c, 参数：studentId=S001
[2025-03-12 11:21:43] [INFO] 成功加载 12 门课程
[2025-03-12 11:21:43] [INFO] 执行查询：SELECT c.* FROM courses c JOIN course_selection cs ON c.course_id = cs.course_id WHERE cs.student_id = ?, 参数：studentId=S001
[2025-03-12 11:21:43] [INFO] 成功加载已选课程数据
[2025-03-12 11:21:43] [INFO] 开始加载可选课程列表
[2025-03-12 11:21:43] [INFO] 执行查询：SELECT c.*, (SELECT COUNT(*) FROM course_selection cs WHERE cs.course_id = c.course_id AND cs.student_id = ?) as is_selected FROM courses c, 参数：studentId=S001
[2025-03-12 11:21:43] [INFO] 成功加载 12 门课程
[2025-03-12 11:21:45] [INFO] 获取单元格编辑器组件：row=5, value=选课
[2025-03-12 11:21:45] [INFO] 按钮被点击：选课，当前行：5
[2025-03-12 11:21:45] [INFO] 触发按钮点击事件：row=5
[2025-03-12 11:21:45] [INFO] 选课按钮被点击，行号：5
[2025-03-12 11:21:45] [INFO] 准备选择课程：C006
[2025-03-12 11:21:45] [INFO] 学生 S001 尝试选择课程 C006
[2025-03-12 11:21:45] [INFO] 执行选课存储过程，参数：studentId=S001, courseId=C006
[2025-03-12 11:21:45] [INFO] 选课存储过程返回结果：1
[2025-03-12 11:21:45] [INFO] 选课成功
[2025-03-12 11:21:46] [INFO] 开始加载可选课程列表
[2025-03-12 11:21:46] [INFO] 执行查询：SELECT c.*, (SELECT COUNT(*) FROM course_selection cs WHERE cs.course_id = c.course_id AND cs.student_id = ?) as is_selected FROM courses c, 参数：studentId=S001
[2025-03-12 11:21:46] [INFO] 成功加载 12 门课程
[2025-03-12 11:21:46] [INFO] 执行查询：SELECT c.* FROM courses c JOIN course_selection cs ON c.course_id = cs.course_id WHERE cs.student_id = ?, 参数：studentId=S001
[2025-03-12 11:21:46] [INFO] 成功加载已选课程数据
[2025-03-12 11:21:46] [INFO] 开始加载可选课程列表
[2025-03-12 11:21:46] [INFO] 执行查询：SELECT c.*, (SELECT COUNT(*) FROM course_selection cs WHERE cs.course_id = c.course_id AND cs.student_id = ?) as is_selected FROM courses c, 参数：studentId=S001
[2025-03-12 11:21:46] [INFO] 成功加载 12 门课程
[2025-03-12 11:21:50] [INFO] 获取单元格编辑器组件：row=11, value=退课
[2025-03-12 11:21:50] [INFO] 按钮被点击：退课，当前行：11
[2025-03-12 11:21:50] [INFO] 触发按钮点击事件：row=11
[2025-03-12 11:21:50] [INFO] 学生 S001 尝试退课 C012
[2025-03-12 11:21:50] [INFO] 执行退课存储过程，参数：studentId=S001, courseId=C012
[2025-03-12 11:21:50] [INFO] 退课存储过程返回结果：1
[2025-03-12 11:21:50] [INFO] 退课成功
[2025-03-12 11:21:50] [INFO] 开始加载可选课程列表
[2025-03-12 11:21:50] [INFO] 执行查询：SELECT c.*, (SELECT COUNT(*) FROM course_selection cs WHERE cs.course_id = c.course_id AND cs.student_id = ?) as is_selected FROM courses c, 参数：studentId=S001
[2025-03-12 11:21:50] [INFO] 成功加载 12 门课程
[2025-03-12 11:21:50] [INFO] 执行查询：SELECT c.* FROM courses c JOIN course_selection cs ON c.course_id = cs.course_id WHERE cs.student_id = ?, 参数：studentId=S001
[2025-03-12 11:21:50] [INFO] 成功加载已选课程数据
[2025-03-12 11:21:50] [INFO] 执行查询：SELECT c.* FROM courses c JOIN course_selection cs ON c.course_id = cs.course_id WHERE cs.student_id = ?, 参数：studentId=S001
[2025-03-12 11:21:50] [INFO] 成功加载已选课程数据
[2025-03-12 11:24:10] [INFO] 开始加载可选课程列表
[2025-03-12 11:24:10] [INFO] 执行查询：SELECT c.*, (SELECT COUNT(*) FROM course_selection cs WHERE cs.course_id = c.course_id AND cs.student_id = ?) as is_selected FROM courses c, 参数：studentId=S001
[2025-03-12 11:24:10] [INFO] 成功加载 12 门课程
[2025-03-12 11:24:10] [INFO] 执行查询：SELECT c.* FROM courses c JOIN course_selection cs ON c.course_id = cs.course_id WHERE cs.student_id = ?, 参数：studentId=S001
[2025-03-12 11:24:10] [INFO] 成功加载已选课程数据
[2025-03-12 11:24:12] [INFO] 获取单元格编辑器组件：row=10, value=已选
[2025-03-12 11:24:12] [INFO] 按钮被点击：选课，当前行：10
[2025-03-12 11:24:12] [INFO] 触发按钮点击事件：row=10
[2025-03-12 11:24:12] [INFO] 选课按钮被点击，行号：10
[2025-03-12 11:24:12] [INFO] 准备选择课程：C011
[2025-03-12 11:24:12] [INFO] 学生 S001 尝试选择课程 C011
[2025-03-12 11:24:12] [INFO] 执行选课存储过程，参数：studentId=S001, courseId=C011
[2025-03-12 11:24:12] [INFO] 选课存储过程返回结果：-2
[2025-03-12 11:24:12] [INFO] 选课失败：已经选过这门课
[2025-03-12 11:24:13] [INFO] 开始加载可选课程列表
[2025-03-12 11:24:13] [INFO] 执行查询：SELECT c.*, (SELECT COUNT(*) FROM course_selection cs WHERE cs.course_id = c.course_id AND cs.student_id = ?) as is_selected FROM courses c, 参数：studentId=S001
[2025-03-12 11:24:13] [INFO] 成功加载 12 门课程
[2025-03-12 11:24:13] [INFO] 获取单元格编辑器组件：row=11, value=选课
[2025-03-12 11:24:13] [INFO] 按钮被点击：选课，当前行：11
[2025-03-12 11:24:13] [INFO] 触发按钮点击事件：row=11
[2025-03-12 11:24:13] [INFO] 选课按钮被点击，行号：11
[2025-03-12 11:24:13] [INFO] 准备选择课程：C012
[2025-03-12 11:24:13] [INFO] 学生 S001 尝试选择课程 C012
[2025-03-12 11:24:13] [INFO] 执行选课存储过程，参数：studentId=S001, courseId=C012
[2025-03-12 11:24:13] [INFO] 选课存储过程返回结果：1
[2025-03-12 11:24:13] [INFO] 选课成功
[2025-03-12 11:24:14] [INFO] 刷新所有表格数据
[2025-03-12 11:24:14] [INFO] 开始加载可选课程列表
[2025-03-12 11:24:14] [INFO] 执行查询：SELECT c.*, (SELECT COUNT(*) FROM course_selection cs WHERE cs.course_id = c.course_id AND cs.student_id = ?) as is_selected FROM courses c, 参数：studentId=S001
[2025-03-12 11:24:14] [INFO] 成功加载 12 门课程
[2025-03-12 11:24:14] [INFO] 执行查询：SELECT c.* FROM courses c JOIN course_selection cs ON c.course_id = cs.course_id WHERE cs.student_id = ?, 参数：studentId=S001
[2025-03-12 11:24:14] [INFO] 成功加载已选课程数据
[2025-03-12 11:24:14] [INFO] 开始加载可选课程列表
[2025-03-12 11:24:14] [INFO] 执行查询：SELECT c.*, (SELECT COUNT(*) FROM course_selection cs WHERE cs.course_id = c.course_id AND cs.student_id = ?) as is_selected FROM courses c, 参数：studentId=S001
[2025-03-12 11:24:14] [INFO] 成功加载 12 门课程
[2025-03-12 11:24:17] [INFO] 获取单元格编辑器组件：row=10, value=退课
[2025-03-12 11:24:17] [INFO] 按钮被点击：退课，当前行：10
[2025-03-12 11:24:17] [INFO] 触发按钮点击事件：row=10
[2025-03-12 11:24:17] [INFO] 准备退课：courseId=C011, row=10
[2025-03-12 11:24:17] [INFO] 学生 S001 尝试退课 C011
[2025-03-12 11:24:17] [INFO] 执行退课存储过程，参数：studentId=S001, courseId=C011
[2025-03-12 11:24:17] [INFO] 退课存储过程返回结果：1
[2025-03-12 11:24:17] [INFO] 退课成功
[2025-03-12 11:24:18] [INFO] 刷新所有表格数据
[2025-03-12 11:24:18] [INFO] 开始加载可选课程列表
[2025-03-12 11:24:18] [INFO] 执行查询：SELECT c.*, (SELECT COUNT(*) FROM course_selection cs WHERE cs.course_id = c.course_id AND cs.student_id = ?) as is_selected FROM courses c, 参数：studentId=S001
[2025-03-12 11:24:18] [INFO] 成功加载 12 门课程
[2025-03-12 11:24:18] [INFO] 执行查询：SELECT c.* FROM courses c JOIN course_selection cs ON c.course_id = cs.course_id WHERE cs.student_id = ?, 参数：studentId=S001
[2025-03-12 11:24:18] [INFO] 成功加载已选课程数据
[2025-03-12 11:24:19] [INFO] 获取单元格编辑器组件：row=10, value=退课
[2025-03-12 11:24:19] [INFO] 按钮被点击：退课，当前行：10
[2025-03-12 11:24:19] [INFO] 触发按钮点击事件：row=10
[2025-03-12 11:24:19] [INFO] 准备退课：courseId=C012, row=10
[2025-03-12 11:24:19] [INFO] 学生 S001 尝试退课 C012
[2025-03-12 11:24:19] [INFO] 执行退课存储过程，参数：studentId=S001, courseId=C012
[2025-03-12 11:24:19] [INFO] 退课存储过程返回结果：1
[2025-03-12 11:24:19] [INFO] 退课成功
[2025-03-12 11:24:20] [INFO] 刷新所有表格数据
[2025-03-12 11:24:20] [INFO] 开始加载可选课程列表
[2025-03-12 11:24:20] [INFO] 执行查询：SELECT c.*, (SELECT COUNT(*) FROM course_selection cs WHERE cs.course_id = c.course_id AND cs.student_id = ?) as is_selected FROM courses c, 参数：studentId=S001
[2025-03-12 11:24:20] [INFO] 成功加载 12 门课程
[2025-03-12 11:24:20] [INFO] 执行查询：SELECT c.* FROM courses c JOIN course_selection cs ON c.course_id = cs.course_id WHERE cs.student_id = ?, 参数：studentId=S001
[2025-03-12 11:24:20] [INFO] 成功加载已选课程数据
[2025-03-12 11:24:48] [INFO] 获取单元格编辑器组件：row=11, value=选课
[2025-03-12 11:24:48] [INFO] 按钮被点击：选课，当前行：11
[2025-03-12 11:24:48] [INFO] 触发按钮点击事件：row=11
[2025-03-12 11:24:48] [INFO] 选课按钮被点击，行号：11
[2025-03-12 11:24:48] [INFO] 准备选择课程：C012
[2025-03-12 11:24:48] [INFO] 学生 S001 尝试选择课程 C012
[2025-03-12 11:24:48] [INFO] 执行选课存储过程，参数：studentId=S001, courseId=C012
[2025-03-12 11:24:48] [INFO] 选课存储过程返回结果：1
[2025-03-12 11:24:48] [INFO] 选课成功
[2025-03-12 11:24:49] [INFO] 刷新所有表格数据
[2025-03-12 11:24:49] [INFO] 开始加载可选课程列表
[2025-03-12 11:24:49] [INFO] 执行查询：SELECT c.*, (SELECT COUNT(*) FROM course_selection cs WHERE cs.course_id = c.course_id AND cs.student_id = ?) as is_selected FROM courses c, 参数：studentId=S001
[2025-03-12 11:24:49] [INFO] 成功加载 12 门课程
[2025-03-12 11:24:49] [INFO] 执行查询：SELECT c.* FROM courses c JOIN course_selection cs ON c.course_id = cs.course_id WHERE cs.student_id = ?, 参数：studentId=S001
[2025-03-12 11:24:49] [INFO] 成功加载已选课程数据
[2025-03-12 11:24:49] [INFO] 开始加载可选课程列表
[2025-03-12 11:24:49] [INFO] 执行查询：SELECT c.*, (SELECT COUNT(*) FROM course_selection cs WHERE cs.course_id = c.course_id AND cs.student_id = ?) as is_selected FROM courses c, 参数：studentId=S001
[2025-03-12 11:24:49] [INFO] 成功加载 12 门课程
[2025-03-12 11:24:50] [INFO] 获取单元格编辑器组件：row=8, value=已选
[2025-03-12 11:24:50] [INFO] 按钮被点击：选课，当前行：8
[2025-03-12 11:24:50] [INFO] 触发按钮点击事件：row=8
[2025-03-12 11:24:50] [INFO] 选课按钮被点击，行号：8
[2025-03-12 11:24:50] [INFO] 准备选择课程：C009
[2025-03-12 11:24:50] [INFO] 学生 S001 尝试选择课程 C009
[2025-03-12 11:24:50] [INFO] 执行选课存储过程，参数：studentId=S001, courseId=C009
[2025-03-12 11:24:50] [INFO] 选课存储过程返回结果：-2
[2025-03-12 11:24:50] [INFO] 选课失败：已经选过这门课
[2025-03-12 11:24:51] [INFO] 开始加载可选课程列表
[2025-03-12 11:24:51] [INFO] 执行查询：SELECT c.*, (SELECT COUNT(*) FROM course_selection cs WHERE cs.course_id = c.course_id AND cs.student_id = ?) as is_selected FROM courses c, 参数：studentId=S001
[2025-03-12 11:24:51] [INFO] 成功加载 12 门课程
[2025-03-12 11:24:51] [INFO] 获取单元格编辑器组件：row=10, value=选课
[2025-03-12 11:24:51] [INFO] 按钮被点击：选课，当前行：10
[2025-03-12 11:24:51] [INFO] 触发按钮点击事件：row=10
[2025-03-12 11:24:51] [INFO] 选课按钮被点击，行号：10
[2025-03-12 11:24:51] [INFO] 准备选择课程：C011
[2025-03-12 11:24:51] [INFO] 学生 S001 尝试选择课程 C011
[2025-03-12 11:24:51] [INFO] 执行选课存储过程，参数：studentId=S001, courseId=C011
[2025-03-12 11:24:51] [INFO] 选课存储过程返回结果：1
[2025-03-12 11:24:51] [INFO] 选课成功
[2025-03-12 11:24:52] [INFO] 刷新所有表格数据
[2025-03-12 11:24:52] [INFO] 开始加载可选课程列表
[2025-03-12 11:24:52] [INFO] 执行查询：SELECT c.*, (SELECT COUNT(*) FROM course_selection cs WHERE cs.course_id = c.course_id AND cs.student_id = ?) as is_selected FROM courses c, 参数：studentId=S001
[2025-03-12 11:24:52] [INFO] 成功加载 12 门课程
[2025-03-12 11:24:52] [INFO] 执行查询：SELECT c.* FROM courses c JOIN course_selection cs ON c.course_id = cs.course_id WHERE cs.student_id = ?, 参数：studentId=S001
[2025-03-12 11:24:52] [INFO] 成功加载已选课程数据
[2025-03-12 11:24:52] [INFO] 开始加载可选课程列表
[2025-03-12 11:24:52] [INFO] 执行查询：SELECT c.*, (SELECT COUNT(*) FROM course_selection cs WHERE cs.course_id = c.course_id AND cs.student_id = ?) as is_selected FROM courses c, 参数：studentId=S001
[2025-03-12 11:24:52] [INFO] 成功加载 12 门课程
[2025-03-12 11:24:54] [INFO] 获取单元格编辑器组件：row=2, value=已选
[2025-03-12 11:24:54] [INFO] 按钮被点击：选课，当前行：2
[2025-03-12 11:24:54] [INFO] 触发按钮点击事件：row=2
[2025-03-12 11:24:54] [INFO] 选课按钮被点击，行号：2
[2025-03-12 11:24:54] [INFO] 准备选择课程：C003
[2025-03-12 11:24:54] [INFO] 学生 S001 尝试选择课程 C003
[2025-03-12 11:24:54] [INFO] 执行选课存储过程，参数：studentId=S001, courseId=C003
[2025-03-12 11:24:54] [INFO] 选课存储过程返回结果：-2
[2025-03-12 11:24:54] [INFO] 选课失败：已经选过这门课
[2025-03-12 11:24:55] [INFO] 开始加载可选课程列表
[2025-03-12 11:24:55] [INFO] 执行查询：SELECT c.*, (SELECT COUNT(*) FROM course_selection cs WHERE cs.course_id = c.course_id AND cs.student_id = ?) as is_selected FROM courses c, 参数：studentId=S001
[2025-03-12 11:24:55] [INFO] 成功加载 12 门课程
[2025-03-12 11:24:56] [INFO] 获取单元格编辑器组件：row=11, value=已选
[2025-03-12 11:24:56] [INFO] 按钮被点击：选课，当前行：11
[2025-03-12 11:24:56] [INFO] 触发按钮点击事件：row=11
[2025-03-12 11:24:56] [INFO] 选课按钮被点击，行号：11
[2025-03-12 11:24:56] [INFO] 准备选择课程：C012
[2025-03-12 11:24:56] [INFO] 学生 S001 尝试选择课程 C012
[2025-03-12 11:24:56] [INFO] 执行选课存储过程，参数：studentId=S001, courseId=C012
[2025-03-12 11:24:56] [INFO] 选课存储过程返回结果：-2
[2025-03-12 11:24:56] [INFO] 选课失败：已经选过这门课
[2025-03-12 11:24:57] [INFO] 开始加载可选课程列表
[2025-03-12 11:24:57] [INFO] 执行查询：SELECT c.*, (SELECT COUNT(*) FROM course_selection cs WHERE cs.course_id = c.course_id AND cs.student_id = ?) as is_selected FROM courses c, 参数：studentId=S001
[2025-03-12 11:24:57] [INFO] 成功加载 12 门课程
[2025-03-12 11:24:59] [INFO] 刷新课程列表
[2025-03-12 11:24:59] [INFO] 开始加载可选课程列表
[2025-03-12 11:24:59] [INFO] 执行查询：SELECT c.*, (SELECT COUNT(*) FROM course_selection cs WHERE cs.course_id = c.course_id AND cs.student_id = ?) as is_selected FROM courses c, 参数：studentId=S001
[2025-03-12 11:24:59] [INFO] 成功加载 12 门课程
[2025-03-12 11:24:59] [INFO] 刷新课程列表
[2025-03-12 11:24:59] [INFO] 开始加载可选课程列表
[2025-03-12 11:24:59] [INFO] 执行查询：SELECT c.*, (SELECT COUNT(*) FROM course_selection cs WHERE cs.course_id = c.course_id AND cs.student_id = ?) as is_selected FROM courses c, 参数：studentId=S001
[2025-03-12 11:24:59] [INFO] 成功加载 12 门课程
[2025-03-12 11:24:59] [INFO] 刷新课程列表
[2025-03-12 11:24:59] [INFO] 开始加载可选课程列表
[2025-03-12 11:24:59] [INFO] 执行查询：SELECT c.*, (SELECT COUNT(*) FROM course_selection cs WHERE cs.course_id = c.course_id AND cs.student_id = ?) as is_selected FROM courses c, 参数：studentId=S001
[2025-03-12 11:24:59] [INFO] 成功加载 12 门课程
[2025-03-12 11:25:00] [INFO] 获取单元格编辑器组件：row=11, value=已选
[2025-03-12 11:25:00] [INFO] 按钮被点击：选课，当前行：11
[2025-03-12 11:25:00] [INFO] 触发按钮点击事件：row=11
[2025-03-12 11:25:00] [INFO] 选课按钮被点击，行号：11
[2025-03-12 11:25:00] [INFO] 准备选择课程：C012
[2025-03-12 11:25:00] [INFO] 学生 S001 尝试选择课程 C012
[2025-03-12 11:25:00] [INFO] 执行选课存储过程，参数：studentId=S001, courseId=C012
[2025-03-12 11:25:00] [INFO] 选课存储过程返回结果：-2
[2025-03-12 11:25:00] [INFO] 选课失败：已经选过这门课
[2025-03-12 11:25:00] [INFO] 开始加载可选课程列表
[2025-03-12 11:25:00] [INFO] 执行查询：SELECT c.*, (SELECT COUNT(*) FROM course_selection cs WHERE cs.course_id = c.course_id AND cs.student_id = ?) as is_selected FROM courses c, 参数：studentId=S001
[2025-03-12 11:25:00] [INFO] 成功加载 12 门课程
[2025-03-12 11:25:05] [INFO] 获取单元格编辑器组件：row=11, value=退课
[2025-03-12 11:25:05] [INFO] 按钮被点击：退课，当前行：11
[2025-03-12 11:25:05] [INFO] 触发按钮点击事件：row=11
[2025-03-12 11:25:05] [INFO] 准备退课：courseId=C012, row=11
[2025-03-12 11:25:05] [INFO] 学生 S001 尝试退课 C012
[2025-03-12 11:25:05] [INFO] 执行退课存储过程，参数：studentId=S001, courseId=C012
[2025-03-12 11:25:05] [INFO] 退课存储过程返回结果：1
[2025-03-12 11:25:05] [INFO] 退课成功
[2025-03-12 11:25:05] [INFO] 刷新所有表格数据
[2025-03-12 11:25:05] [INFO] 开始加载可选课程列表
[2025-03-12 11:25:05] [INFO] 执行查询：SELECT c.*, (SELECT COUNT(*) FROM course_selection cs WHERE cs.course_id = c.course_id AND cs.student_id = ?) as is_selected FROM courses c, 参数：studentId=S001
[2025-03-12 11:25:05] [INFO] 成功加载 12 门课程
[2025-03-12 11:25:05] [INFO] 执行查询：SELECT c.* FROM courses c JOIN course_selection cs ON c.course_id = cs.course_id WHERE cs.student_id = ?, 参数：studentId=S001
[2025-03-12 11:25:05] [INFO] 成功加载已选课程数据
[2025-03-12 11:25:07] [INFO] 刷新课程列表
[2025-03-12 11:25:07] [INFO] 开始加载可选课程列表
[2025-03-12 11:25:07] [INFO] 执行查询：SELECT c.*, (SELECT COUNT(*) FROM course_selection cs WHERE cs.course_id = c.course_id AND cs.student_id = ?) as is_selected FROM courses c, 参数：studentId=S001
[2025-03-12 11:25:07] [INFO] 成功加载 12 门课程
[2025-03-12 11:25:07] [INFO] 刷新课程列表
[2025-03-12 11:25:07] [INFO] 开始加载可选课程列表
[2025-03-12 11:25:07] [INFO] 执行查询：SELECT c.*, (SELECT COUNT(*) FROM course_selection cs WHERE cs.course_id = c.course_id AND cs.student_id = ?) as is_selected FROM courses c, 参数：studentId=S001
[2025-03-12 11:25:07] [INFO] 成功加载 12 门课程
[2025-03-12 11:25:08] [INFO] 获取单元格编辑器组件：row=11, value=选课
[2025-03-12 11:25:08] [INFO] 按钮被点击：选课，当前行：11
[2025-03-12 11:25:08] [INFO] 触发按钮点击事件：row=11
[2025-03-12 11:25:08] [INFO] 选课按钮被点击，行号：11
[2025-03-12 11:25:08] [INFO] 准备选择课程：C012
[2025-03-12 11:25:08] [INFO] 学生 S001 尝试选择课程 C012
[2025-03-12 11:25:08] [INFO] 执行选课存储过程，参数：studentId=S001, courseId=C012
[2025-03-12 11:25:08] [INFO] 选课存储过程返回结果：1
[2025-03-12 11:25:08] [INFO] 选课成功
[2025-03-12 11:25:09] [INFO] 刷新所有表格数据
[2025-03-12 11:25:09] [INFO] 开始加载可选课程列表
[2025-03-12 11:25:09] [INFO] 执行查询：SELECT c.*, (SELECT COUNT(*) FROM course_selection cs WHERE cs.course_id = c.course_id AND cs.student_id = ?) as is_selected FROM courses c, 参数：studentId=S001
[2025-03-12 11:25:09] [INFO] 成功加载 12 门课程
[2025-03-12 11:25:09] [INFO] 执行查询：SELECT c.* FROM courses c JOIN course_selection cs ON c.course_id = cs.course_id WHERE cs.student_id = ?, 参数：studentId=S001
[2025-03-12 11:25:09] [INFO] 成功加载已选课程数据
[2025-03-12 11:25:09] [INFO] 开始加载可选课程列表
[2025-03-12 11:25:09] [INFO] 执行查询：SELECT c.*, (SELECT COUNT(*) FROM course_selection cs WHERE cs.course_id = c.course_id AND cs.student_id = ?) as is_selected FROM courses c, 参数：studentId=S001
[2025-03-12 11:25:09] [INFO] 成功加载 12 门课程
[2025-03-12 11:25:10] [INFO] 刷新课程列表
[2025-03-12 11:25:10] [INFO] 开始加载可选课程列表
[2025-03-12 11:25:10] [INFO] 执行查询：SELECT c.*, (SELECT COUNT(*) FROM course_selection cs WHERE cs.course_id = c.course_id AND cs.student_id = ?) as is_selected FROM courses c, 参数：studentId=S001
[2025-03-12 11:25:10] [INFO] 成功加载 12 门课程
[2025-03-12 11:25:10] [INFO] 刷新课程列表
[2025-03-12 11:25:10] [INFO] 开始加载可选课程列表
[2025-03-12 11:25:10] [INFO] 执行查询：SELECT c.*, (SELECT COUNT(*) FROM course_selection cs WHERE cs.course_id = c.course_id AND cs.student_id = ?) as is_selected FROM courses c, 参数：studentId=S001
[2025-03-12 11:25:10] [INFO] 成功加载 12 门课程
[2025-03-12 11:25:44] [INFO] 按钮被点击：退课，当前行：11
[2025-03-12 11:25:46] [INFO] 获取单元格编辑器组件：row=11, value=退课
[2025-03-12 11:25:46] [INFO] 按钮被点击：退课，当前行：11
[2025-03-12 11:25:46] [INFO] 触发按钮点击事件：row=11
[2025-03-12 11:25:46] [INFO] 准备退课：courseId=C012, row=11
[2025-03-12 11:25:46] [INFO] 学生 S001 尝试退课 C012
[2025-03-12 11:25:46] [INFO] 执行退课存储过程，参数：studentId=S001, courseId=C012
[2025-03-12 11:25:46] [INFO] 退课存储过程返回结果：1
[2025-03-12 11:25:46] [INFO] 退课成功
[2025-03-12 11:25:47] [INFO] 刷新所有表格数据
[2025-03-12 11:25:47] [INFO] 开始加载可选课程列表
[2025-03-12 11:25:47] [INFO] 执行查询：SELECT c.*, (SELECT COUNT(*) FROM course_selection cs WHERE cs.course_id = c.course_id AND cs.student_id = ?) as is_selected FROM courses c, 参数：studentId=S001
[2025-03-12 11:25:47] [INFO] 成功加载 12 门课程
[2025-03-12 11:25:47] [INFO] 执行查询：SELECT c.* FROM courses c JOIN course_selection cs ON c.course_id = cs.course_id WHERE cs.student_id = ?, 参数：studentId=S001
[2025-03-12 11:25:47] [INFO] 成功加载已选课程数据
[2025-03-12 11:26:29] [INFO] 开始加载可选课程列表
[2025-03-12 11:26:29] [INFO] 执行查询：SELECT c.*, (SELECT COUNT(*) FROM course_selection cs WHERE cs.course_id = c.course_id AND cs.student_id = ?) as is_selected FROM courses c, 参数：studentId=S001
[2025-03-12 11:26:29] [INFO] 成功加载 12 门课程
[2025-03-12 11:26:29] [INFO] 执行查询：SELECT c.* FROM courses c JOIN course_selection cs ON c.course_id = cs.course_id WHERE cs.student_id = ?, 参数：studentId=S001
[2025-03-12 11:26:29] [INFO] 成功加载已选课程数据
[2025-03-12 11:26:31] [INFO] 获取单元格编辑器：row=2, courseId=C003
[2025-03-12 11:26:31] [INFO] 按钮被点击：已选
[2025-03-12 11:26:31] [INFO] 触发按钮事件，使用courseId: C003
[2025-03-12 11:26:31] [INFO] 选课按钮被点击，课程ID：C003
[2025-03-12 11:26:31] [INFO] 学生 S001 尝试选择课程 C003
[2025-03-12 11:26:31] [INFO] 执行选课存储过程，参数：studentId=S001, courseId=C003
[2025-03-12 11:26:31] [INFO] 选课存储过程返回结果：-2
[2025-03-12 11:26:31] [INFO] 选课失败：已经选过这门课
[2025-03-12 11:26:33] [INFO] 获取单元格编辑器：row=11, courseId=C012
[2025-03-12 11:26:33] [INFO] 按钮被点击：选课
[2025-03-12 11:26:33] [INFO] 触发按钮事件，使用courseId: C012
[2025-03-12 11:26:33] [INFO] 选课按钮被点击，课程ID：C012
[2025-03-12 11:26:33] [INFO] 学生 S001 尝试选择课程 C012
[2025-03-12 11:26:33] [INFO] 执行选课存储过程，参数：studentId=S001, courseId=C012
[2025-03-12 11:26:33] [INFO] 选课存储过程返回结果：1
[2025-03-12 11:26:33] [INFO] 选课成功
[2025-03-12 11:26:34] [INFO] 开始刷新所有表格
[2025-03-12 11:26:34] [INFO] 刷新所有表格数据
[2025-03-12 11:26:34] [INFO] 开始加载可选课程列表
[2025-03-12 11:26:34] [INFO] 执行查询：SELECT c.*, (SELECT COUNT(*) FROM course_selection cs WHERE cs.course_id = c.course_id AND cs.student_id = ?) as is_selected FROM courses c, 参数：studentId=S001
[2025-03-12 11:26:34] [INFO] 成功加载 12 门课程
[2025-03-12 11:26:34] [INFO] 已刷新选课表格，行数：12
[2025-03-12 11:26:34] [INFO] 执行查询：SELECT c.* FROM courses c JOIN course_selection cs ON c.course_id = cs.course_id WHERE cs.student_id = ?, 参数：studentId=S001
[2025-03-12 11:26:34] [INFO] 成功加载已选课程数据
[2025-03-12 11:26:34] [INFO] 已刷新我的课程表格，行数：12
[2025-03-12 11:26:34] [INFO] 已刷新成绩表格，行数：12
[2025-03-12 11:26:34] [INFO] 完成刷新所有表格
[2025-03-12 11:26:37] [INFO] 获取单元格编辑器：row=11, courseId=C012
[2025-03-12 11:26:37] [INFO] 按钮被点击：退课
[2025-03-12 11:26:37] [INFO] 触发按钮事件，使用courseId: C012
[2025-03-12 11:26:37] [INFO] 退课按钮被点击，课程ID：C012
[2025-03-12 11:26:37] [INFO] 学生 S001 尝试退课 C012
[2025-03-12 11:26:37] [INFO] 执行退课存储过程，参数：studentId=S001, courseId=C012
[2025-03-12 11:26:37] [INFO] 退课存储过程返回结果：1
[2025-03-12 11:26:37] [INFO] 退课成功
[2025-03-12 11:26:38] [INFO] 开始刷新所有表格
[2025-03-12 11:26:38] [INFO] 刷新所有表格数据
[2025-03-12 11:26:38] [INFO] 开始加载可选课程列表
[2025-03-12 11:26:38] [INFO] 执行查询：SELECT c.*, (SELECT COUNT(*) FROM course_selection cs WHERE cs.course_id = c.course_id AND cs.student_id = ?) as is_selected FROM courses c, 参数：studentId=S001
[2025-03-12 11:26:38] [INFO] 成功加载 12 门课程
[2025-03-12 11:26:38] [INFO] 已刷新选课表格，行数：12
[2025-03-12 11:26:38] [INFO] 执行查询：SELECT c.* FROM courses c JOIN course_selection cs ON c.course_id = cs.course_id WHERE cs.student_id = ?, 参数：studentId=S001
[2025-03-12 11:26:38] [INFO] 成功加载已选课程数据
[2025-03-12 11:26:38] [INFO] 已刷新我的课程表格，行数：11
[2025-03-12 11:26:38] [INFO] 已刷新成绩表格，行数：11
[2025-03-12 11:26:38] [INFO] 完成刷新所有表格
[2025-03-12 11:26:40] [INFO] 获取单元格编辑器：row=10, courseId=C011
[2025-03-12 11:26:40] [INFO] 按钮被点击：退课
[2025-03-12 11:26:40] [INFO] 触发按钮事件，使用courseId: C011
[2025-03-12 11:26:40] [INFO] 退课按钮被点击，课程ID：C011
[2025-03-12 11:26:40] [INFO] 学生 S001 尝试退课 C011
[2025-03-12 11:26:40] [INFO] 执行退课存储过程，参数：studentId=S001, courseId=C011
[2025-03-12 11:26:40] [INFO] 退课存储过程返回结果：1
[2025-03-12 11:26:40] [INFO] 退课成功
[2025-03-12 11:26:41] [INFO] 开始刷新所有表格
[2025-03-12 11:26:41] [INFO] 刷新所有表格数据
[2025-03-12 11:26:41] [INFO] 开始加载可选课程列表
[2025-03-12 11:26:41] [INFO] 执行查询：SELECT c.*, (SELECT COUNT(*) FROM course_selection cs WHERE cs.course_id = c.course_id AND cs.student_id = ?) as is_selected FROM courses c, 参数：studentId=S001
[2025-03-12 11:26:41] [INFO] 成功加载 12 门课程
[2025-03-12 11:26:41] [INFO] 已刷新选课表格，行数：12
[2025-03-12 11:26:41] [INFO] 执行查询：SELECT c.* FROM courses c JOIN course_selection cs ON c.course_id = cs.course_id WHERE cs.student_id = ?, 参数：studentId=S001
[2025-03-12 11:26:41] [INFO] 成功加载已选课程数据
[2025-03-12 11:26:41] [INFO] 已刷新我的课程表格，行数：10
[2025-03-12 11:26:41] [INFO] 已刷新成绩表格，行数：10
[2025-03-12 11:26:41] [INFO] 完成刷新所有表格
[2025-03-12 11:26:42] [INFO] 获取单元格编辑器：row=9, courseId=C010
[2025-03-12 11:26:42] [INFO] 按钮被点击：退课
[2025-03-12 11:26:42] [INFO] 触发按钮事件，使用courseId: C010
[2025-03-12 11:26:42] [INFO] 退课按钮被点击，课程ID：C010
[2025-03-12 11:26:42] [INFO] 学生 S001 尝试退课 C010
[2025-03-12 11:26:42] [INFO] 执行退课存储过程，参数：studentId=S001, courseId=C010
[2025-03-12 11:26:42] [INFO] 退课存储过程返回结果：1
[2025-03-12 11:26:42] [INFO] 退课成功
[2025-03-12 11:26:42] [INFO] 开始刷新所有表格
[2025-03-12 11:26:42] [INFO] 刷新所有表格数据
[2025-03-12 11:26:42] [INFO] 开始加载可选课程列表
[2025-03-12 11:26:42] [INFO] 执行查询：SELECT c.*, (SELECT COUNT(*) FROM course_selection cs WHERE cs.course_id = c.course_id AND cs.student_id = ?) as is_selected FROM courses c, 参数：studentId=S001
[2025-03-12 11:26:42] [INFO] 成功加载 12 门课程
[2025-03-12 11:26:42] [INFO] 已刷新选课表格，行数：12
[2025-03-12 11:26:42] [INFO] 执行查询：SELECT c.* FROM courses c JOIN course_selection cs ON c.course_id = cs.course_id WHERE cs.student_id = ?, 参数：studentId=S001
[2025-03-12 11:26:42] [INFO] 成功加载已选课程数据
[2025-03-12 11:26:42] [INFO] 已刷新我的课程表格，行数：9
[2025-03-12 11:26:42] [INFO] 已刷新成绩表格，行数：9
[2025-03-12 11:26:42] [INFO] 完成刷新所有表格
[2025-03-12 11:26:44] [INFO] 获取单元格编辑器：row=8, courseId=C009
[2025-03-12 11:26:44] [INFO] 按钮被点击：退课
[2025-03-12 11:26:44] [INFO] 触发按钮事件，使用courseId: C009
[2025-03-12 11:26:44] [INFO] 退课按钮被点击，课程ID：C009
[2025-03-12 11:26:44] [INFO] 学生 S001 尝试退课 C009
[2025-03-12 11:26:44] [INFO] 执行退课存储过程，参数：studentId=S001, courseId=C009
[2025-03-12 11:26:44] [INFO] 退课存储过程返回结果：1
[2025-03-12 11:26:44] [INFO] 退课成功
[2025-03-12 11:26:44] [INFO] 开始刷新所有表格
[2025-03-12 11:26:44] [INFO] 刷新所有表格数据
[2025-03-12 11:26:44] [INFO] 开始加载可选课程列表
[2025-03-12 11:26:44] [INFO] 执行查询：SELECT c.*, (SELECT COUNT(*) FROM course_selection cs WHERE cs.course_id = c.course_id AND cs.student_id = ?) as is_selected FROM courses c, 参数：studentId=S001
[2025-03-12 11:26:44] [INFO] 成功加载 12 门课程
[2025-03-12 11:26:44] [INFO] 已刷新选课表格，行数：12
[2025-03-12 11:26:44] [INFO] 执行查询：SELECT c.* FROM courses c JOIN course_selection cs ON c.course_id = cs.course_id WHERE cs.student_id = ?, 参数：studentId=S001
[2025-03-12 11:26:44] [INFO] 成功加载已选课程数据
[2025-03-12 11:26:44] [INFO] 已刷新我的课程表格，行数：8
[2025-03-12 11:26:44] [INFO] 已刷新成绩表格，行数：8
[2025-03-12 11:26:44] [INFO] 完成刷新所有表格
[2025-03-12 11:26:45] [INFO] 获取单元格编辑器：row=7, courseId=C008
[2025-03-12 11:26:45] [INFO] 按钮被点击：退课
[2025-03-12 11:26:45] [INFO] 触发按钮事件，使用courseId: C008
[2025-03-12 11:26:45] [INFO] 退课按钮被点击，课程ID：C008
[2025-03-12 11:26:45] [INFO] 学生 S001 尝试退课 C008
[2025-03-12 11:26:45] [INFO] 执行退课存储过程，参数：studentId=S001, courseId=C008
[2025-03-12 11:26:45] [INFO] 退课存储过程返回结果：1
[2025-03-12 11:26:45] [INFO] 退课成功
[2025-03-12 11:26:47] [INFO] 开始刷新所有表格
[2025-03-12 11:26:47] [INFO] 刷新所有表格数据
[2025-03-12 11:26:47] [INFO] 开始加载可选课程列表
[2025-03-12 11:26:47] [INFO] 执行查询：SELECT c.*, (SELECT COUNT(*) FROM course_selection cs WHERE cs.course_id = c.course_id AND cs.student_id = ?) as is_selected FROM courses c, 参数：studentId=S001
[2025-03-12 11:26:47] [INFO] 成功加载 12 门课程
[2025-03-12 11:26:47] [INFO] 已刷新选课表格，行数：12
[2025-03-12 11:26:47] [INFO] 执行查询：SELECT c.* FROM courses c JOIN course_selection cs ON c.course_id = cs.course_id WHERE cs.student_id = ?, 参数：studentId=S001
[2025-03-12 11:26:47] [INFO] 成功加载已选课程数据
[2025-03-12 11:26:47] [INFO] 已刷新我的课程表格，行数：7
[2025-03-12 11:26:47] [INFO] 已刷新成绩表格，行数：7
[2025-03-12 11:26:47] [INFO] 完成刷新所有表格
[2025-03-12 11:26:47] [INFO] 获取单元格编辑器：row=6, courseId=C007
[2025-03-12 11:26:47] [INFO] 按钮被点击：退课
[2025-03-12 11:26:47] [INFO] 触发按钮事件，使用courseId: C007
[2025-03-12 11:26:47] [INFO] 退课按钮被点击，课程ID：C007
[2025-03-12 11:26:47] [INFO] 学生 S001 尝试退课 C007
[2025-03-12 11:26:47] [INFO] 执行退课存储过程，参数：studentId=S001, courseId=C007
[2025-03-12 11:26:47] [INFO] 退课存储过程返回结果：1
[2025-03-12 11:26:47] [INFO] 退课成功
[2025-03-12 11:26:48] [INFO] 开始刷新所有表格
[2025-03-12 11:26:48] [INFO] 刷新所有表格数据
[2025-03-12 11:26:48] [INFO] 开始加载可选课程列表
[2025-03-12 11:26:48] [INFO] 执行查询：SELECT c.*, (SELECT COUNT(*) FROM course_selection cs WHERE cs.course_id = c.course_id AND cs.student_id = ?) as is_selected FROM courses c, 参数：studentId=S001
[2025-03-12 11:26:48] [INFO] 成功加载 12 门课程
[2025-03-12 11:26:48] [INFO] 已刷新选课表格，行数：12
[2025-03-12 11:26:48] [INFO] 执行查询：SELECT c.* FROM courses c JOIN course_selection cs ON c.course_id = cs.course_id WHERE cs.student_id = ?, 参数：studentId=S001
[2025-03-12 11:26:48] [INFO] 成功加载已选课程数据
[2025-03-12 11:26:48] [INFO] 已刷新我的课程表格，行数：6
[2025-03-12 11:26:48] [INFO] 已刷新成绩表格，行数：6
[2025-03-12 11:26:48] [INFO] 完成刷新所有表格
[2025-03-12 11:26:49] [INFO] 获取单元格编辑器：row=5, courseId=C006
[2025-03-12 11:26:49] [INFO] 按钮被点击：退课
[2025-03-12 11:26:49] [INFO] 触发按钮事件，使用courseId: C006
[2025-03-12 11:26:49] [INFO] 退课按钮被点击，课程ID：C006
[2025-03-12 11:26:49] [INFO] 学生 S001 尝试退课 C006
[2025-03-12 11:26:49] [INFO] 执行退课存储过程，参数：studentId=S001, courseId=C006
[2025-03-12 11:26:49] [INFO] 退课存储过程返回结果：1
[2025-03-12 11:26:49] [INFO] 退课成功
[2025-03-12 11:26:49] [INFO] 开始刷新所有表格
[2025-03-12 11:26:49] [INFO] 刷新所有表格数据
[2025-03-12 11:26:49] [INFO] 开始加载可选课程列表
[2025-03-12 11:26:49] [INFO] 执行查询：SELECT c.*, (SELECT COUNT(*) FROM course_selection cs WHERE cs.course_id = c.course_id AND cs.student_id = ?) as is_selected FROM courses c, 参数：studentId=S001
[2025-03-12 11:26:49] [INFO] 成功加载 12 门课程
[2025-03-12 11:26:49] [INFO] 已刷新选课表格，行数：12
[2025-03-12 11:26:49] [INFO] 执行查询：SELECT c.* FROM courses c JOIN course_selection cs ON c.course_id = cs.course_id WHERE cs.student_id = ?, 参数：studentId=S001
[2025-03-12 11:26:49] [INFO] 成功加载已选课程数据
[2025-03-12 11:26:49] [INFO] 已刷新我的课程表格，行数：5
[2025-03-12 11:26:49] [INFO] 已刷新成绩表格，行数：5
[2025-03-12 11:26:49] [INFO] 完成刷新所有表格
[2025-03-12 11:26:50] [INFO] 获取单元格编辑器：row=4, courseId=C005
[2025-03-12 11:26:50] [INFO] 按钮被点击：退课
[2025-03-12 11:26:50] [INFO] 触发按钮事件，使用courseId: C005
[2025-03-12 11:26:50] [INFO] 退课按钮被点击，课程ID：C005
[2025-03-12 11:26:50] [INFO] 学生 S001 尝试退课 C005
[2025-03-12 11:26:50] [INFO] 执行退课存储过程，参数：studentId=S001, courseId=C005
[2025-03-12 11:26:50] [INFO] 退课存储过程返回结果：1
[2025-03-12 11:26:50] [INFO] 退课成功
[2025-03-12 11:26:51] [INFO] 开始刷新所有表格
[2025-03-12 11:26:51] [INFO] 刷新所有表格数据
[2025-03-12 11:26:51] [INFO] 开始加载可选课程列表
[2025-03-12 11:26:51] [INFO] 执行查询：SELECT c.*, (SELECT COUNT(*) FROM course_selection cs WHERE cs.course_id = c.course_id AND cs.student_id = ?) as is_selected FROM courses c, 参数：studentId=S001
[2025-03-12 11:26:51] [INFO] 成功加载 12 门课程
[2025-03-12 11:26:51] [INFO] 已刷新选课表格，行数：12
[2025-03-12 11:26:51] [INFO] 执行查询：SELECT c.* FROM courses c JOIN course_selection cs ON c.course_id = cs.course_id WHERE cs.student_id = ?, 参数：studentId=S001
[2025-03-12 11:26:51] [INFO] 成功加载已选课程数据
[2025-03-12 11:26:51] [INFO] 已刷新我的课程表格，行数：4
[2025-03-12 11:26:51] [INFO] 已刷新成绩表格，行数：4
[2025-03-12 11:26:51] [INFO] 完成刷新所有表格
[2025-03-12 11:26:51] [INFO] 获取单元格编辑器：row=2, courseId=C003
[2025-03-12 11:26:51] [INFO] 按钮被点击：退课
[2025-03-12 11:26:51] [INFO] 触发按钮事件，使用courseId: C003
[2025-03-12 11:26:51] [INFO] 退课按钮被点击，课程ID：C003
[2025-03-12 11:26:51] [INFO] 学生 S001 尝试退课 C003
[2025-03-12 11:26:51] [INFO] 执行退课存储过程，参数：studentId=S001, courseId=C003
[2025-03-12 11:26:51] [INFO] 退课存储过程返回结果：1
[2025-03-12 11:26:51] [INFO] 退课成功
[2025-03-12 11:26:53] [INFO] 开始刷新所有表格
[2025-03-12 11:26:53] [INFO] 刷新所有表格数据
[2025-03-12 11:26:53] [INFO] 开始加载可选课程列表
[2025-03-12 11:26:53] [INFO] 执行查询：SELECT c.*, (SELECT COUNT(*) FROM course_selection cs WHERE cs.course_id = c.course_id AND cs.student_id = ?) as is_selected FROM courses c, 参数：studentId=S001
[2025-03-12 11:26:53] [INFO] 成功加载 12 门课程
[2025-03-12 11:26:53] [INFO] 已刷新选课表格，行数：12
[2025-03-12 11:26:53] [INFO] 执行查询：SELECT c.* FROM courses c JOIN course_selection cs ON c.course_id = cs.course_id WHERE cs.student_id = ?, 参数：studentId=S001
[2025-03-12 11:26:53] [INFO] 成功加载已选课程数据
[2025-03-12 11:26:53] [INFO] 已刷新我的课程表格，行数：3
[2025-03-12 11:26:53] [INFO] 已刷新成绩表格，行数：3
[2025-03-12 11:26:53] [INFO] 完成刷新所有表格
[2025-03-12 11:26:53] [INFO] 获取单元格编辑器：row=2, courseId=C004
[2025-03-12 11:26:53] [INFO] 按钮被点击：退课
[2025-03-12 11:26:53] [INFO] 触发按钮事件，使用courseId: C004
[2025-03-12 11:26:53] [INFO] 退课按钮被点击，课程ID：C004
[2025-03-12 11:26:53] [INFO] 学生 S001 尝试退课 C004
[2025-03-12 11:26:53] [INFO] 执行退课存储过程，参数：studentId=S001, courseId=C004
[2025-03-12 11:26:53] [INFO] 退课存储过程返回结果：1
[2025-03-12 11:26:53] [INFO] 退课成功
[2025-03-12 11:26:54] [INFO] 开始刷新所有表格
[2025-03-12 11:26:54] [INFO] 刷新所有表格数据
[2025-03-12 11:26:54] [INFO] 开始加载可选课程列表
[2025-03-12 11:26:54] [INFO] 执行查询：SELECT c.*, (SELECT COUNT(*) FROM course_selection cs WHERE cs.course_id = c.course_id AND cs.student_id = ?) as is_selected FROM courses c, 参数：studentId=S001
[2025-03-12 11:26:54] [INFO] 成功加载 12 门课程
[2025-03-12 11:26:54] [INFO] 已刷新选课表格，行数：12
[2025-03-12 11:26:54] [INFO] 执行查询：SELECT c.* FROM courses c JOIN course_selection cs ON c.course_id = cs.course_id WHERE cs.student_id = ?, 参数：studentId=S001
[2025-03-12 11:26:54] [INFO] 成功加载已选课程数据
[2025-03-12 11:26:54] [INFO] 已刷新我的课程表格，行数：2
[2025-03-12 11:26:54] [INFO] 已刷新成绩表格，行数：2
[2025-03-12 11:26:54] [INFO] 完成刷新所有表格
[2025-03-12 11:26:56] [INFO] 获取单元格编辑器：row=10, courseId=C011
[2025-03-12 11:26:57] [INFO] 按钮被点击：选课
[2025-03-12 11:26:57] [INFO] 触发按钮事件，使用courseId: C011
[2025-03-12 11:26:57] [INFO] 选课按钮被点击，课程ID：C011
[2025-03-12 11:26:57] [INFO] 学生 S001 尝试选择课程 C011
[2025-03-12 11:26:57] [INFO] 执行选课存储过程，参数：studentId=S001, courseId=C011
[2025-03-12 11:26:57] [INFO] 选课存储过程返回结果：1
[2025-03-12 11:26:57] [INFO] 选课成功
[2025-03-12 11:26:57] [INFO] 开始刷新所有表格
[2025-03-12 11:26:57] [INFO] 刷新所有表格数据
[2025-03-12 11:26:57] [INFO] 开始加载可选课程列表
[2025-03-12 11:26:57] [INFO] 执行查询：SELECT c.*, (SELECT COUNT(*) FROM course_selection cs WHERE cs.course_id = c.course_id AND cs.student_id = ?) as is_selected FROM courses c, 参数：studentId=S001
[2025-03-12 11:26:57] [INFO] 成功加载 12 门课程
[2025-03-12 11:26:57] [INFO] 已刷新选课表格，行数：12
[2025-03-12 11:26:57] [INFO] 执行查询：SELECT c.* FROM courses c JOIN course_selection cs ON c.course_id = cs.course_id WHERE cs.student_id = ?, 参数：studentId=S001
[2025-03-12 11:26:57] [INFO] 成功加载已选课程数据
[2025-03-12 11:26:57] [INFO] 已刷新我的课程表格，行数：3
[2025-03-12 11:26:57] [INFO] 已刷新成绩表格，行数：3
[2025-03-12 11:26:57] [INFO] 完成刷新所有表格
[2025-03-12 11:27:01] [INFO] 获取单元格编辑器：row=2, courseId=C011
[2025-03-12 11:27:01] [INFO] 按钮被点击：退课
[2025-03-12 11:27:01] [INFO] 触发按钮事件，使用courseId: C011
[2025-03-12 11:27:01] [INFO] 退课按钮被点击，课程ID：C011
[2025-03-12 11:27:01] [INFO] 学生 S001 尝试退课 C011
[2025-03-12 11:27:01] [INFO] 执行退课存储过程，参数：studentId=S001, courseId=C011
[2025-03-12 11:27:01] [INFO] 退课存储过程返回结果：1
[2025-03-12 11:27:01] [INFO] 退课成功
[2025-03-12 11:27:02] [INFO] 开始刷新所有表格
[2025-03-12 11:27:02] [INFO] 刷新所有表格数据
[2025-03-12 11:27:02] [INFO] 开始加载可选课程列表
[2025-03-12 11:27:02] [INFO] 执行查询：SELECT c.*, (SELECT COUNT(*) FROM course_selection cs WHERE cs.course_id = c.course_id AND cs.student_id = ?) as is_selected FROM courses c, 参数：studentId=S001
[2025-03-12 11:27:02] [INFO] 成功加载 12 门课程
[2025-03-12 11:27:02] [INFO] 已刷新选课表格，行数：12
[2025-03-12 11:27:02] [INFO] 执行查询：SELECT c.* FROM courses c JOIN course_selection cs ON c.course_id = cs.course_id WHERE cs.student_id = ?, 参数：studentId=S001
[2025-03-12 11:27:02] [INFO] 成功加载已选课程数据
[2025-03-12 11:27:02] [INFO] 已刷新我的课程表格，行数：2
[2025-03-12 11:27:02] [INFO] 已刷新成绩表格，行数：2
[2025-03-12 11:27:02] [INFO] 完成刷新所有表格
[2025-03-12 11:27:05] [INFO] 获取单元格编辑器：row=11, courseId=C012
[2025-03-12 11:27:05] [INFO] 按钮被点击：选课
[2025-03-12 11:27:05] [INFO] 触发按钮事件，使用courseId: C012
[2025-03-12 11:27:05] [INFO] 选课按钮被点击，课程ID：C012
[2025-03-12 11:27:05] [INFO] 学生 S001 尝试选择课程 C012
[2025-03-12 11:27:05] [INFO] 执行选课存储过程，参数：studentId=S001, courseId=C012
[2025-03-12 11:27:05] [INFO] 选课存储过程返回结果：1
[2025-03-12 11:27:05] [INFO] 选课成功
[2025-03-12 11:27:06] [INFO] 开始刷新所有表格
[2025-03-12 11:27:06] [INFO] 刷新所有表格数据
[2025-03-12 11:27:06] [INFO] 开始加载可选课程列表
[2025-03-12 11:27:06] [INFO] 执行查询：SELECT c.*, (SELECT COUNT(*) FROM course_selection cs WHERE cs.course_id = c.course_id AND cs.student_id = ?) as is_selected FROM courses c, 参数：studentId=S001
[2025-03-12 11:27:06] [INFO] 成功加载 12 门课程
[2025-03-12 11:27:06] [INFO] 已刷新选课表格，行数：12
[2025-03-12 11:27:06] [INFO] 执行查询：SELECT c.* FROM courses c JOIN course_selection cs ON c.course_id = cs.course_id WHERE cs.student_id = ?, 参数：studentId=S001
[2025-03-12 11:27:06] [INFO] 成功加载已选课程数据
[2025-03-12 11:27:06] [INFO] 已刷新我的课程表格，行数：3
[2025-03-12 11:27:06] [INFO] 已刷新成绩表格，行数：3
[2025-03-12 11:27:06] [INFO] 完成刷新所有表格
